2020-01-14 18:21:47.9983 [DEBUG] Scene Fusion version 1.8.5-0
2020-01-14 18:27:52.9833 [DEBUG] Scene Fusion version 1.8.5-0
2020-01-14 18:39:26.0920 [DEBUG] Scene Fusion version 1.8.5-0
2020-01-14 18:39:26.3139 [DEBUG] Play mode: True, sync in play mode: True
2020-01-14 18:39:46.7740 [DEBUG] Play mode: False
2020-01-14 18:40:23.3066 [DEBUG] Scene Fusion version 1.8.5-0
2020-01-14 18:40:45.1735 [DEBUG] Scene Fusion version 1.8.5-0
2020-01-14 18:40:45.4179 [DEBUG] Play mode: True, sync in play mode: True
2020-01-14 18:41:22.1741 [ERROR] NullReferenceException: Object reference not set to an instance of an object
UnityEditor.IMGUI.Controls.TreeViewController.IsItemDragSelectedOrSelected (UnityEditor.IMGUI.Controls.TreeViewItem item) (at C:/buildslave/unity/build/Editor/Mono/GUI/TreeView/TreeViewController.cs:468)
UnityEditor.IMGUI.Controls.TreeViewController.DoItemGUI (UnityEditor.IMGUI.Controls.TreeViewItem item, System.Int32 row, System.Single rowWidth, System.Boolean hasFocus) (at C:/buildslave/unity/build/Editor/Mono/GUI/TreeView/TreeViewController.cs:482)
UnityEditor.IMGUI.Controls.TreeViewController.IterateVisibleItems (System.Int32 firstRow, System.Int32 numVisibleRows, System.Single rowWidth, System.Boolean hasFocus) (at C:/buildslave/unity/build/Editor/Mono/GUI/TreeView/TreeViewController.cs:691)
UnityEditor.IMGUI.Controls.TreeViewController.OnGUI (UnityEngine.Rect rect, System.Int32 keyboardControlID) (at C:/buildslave/unity/build/Editor/Mono/GUI/TreeView/TreeViewController.cs:594)
UnityEditor.SceneHierarchy.DoTreeView (System.Single searchPathHeight) (at C:/buildslave/unity/build/Editor/Mono/SceneHierarchy.cs:783)
UnityEditor.SceneHierarchy.OnGUI (UnityEngine.Rect rect) (at C:/buildslave/unity/build/Editor/Mono/SceneHierarchy.cs:581)
UnityEditor.SceneHierarchyWindow.DoSceneHierarchy () (at C:/buildslave/unity/build/Editor/Mono/SceneHierarchyWindow.cs:150)
UnityEditor.SceneHierarchyWindow.OnGUI () (at C:/buildslave/unity/build/Editor/Mono/SceneHierarchyWindow.cs:133)
System.Reflection.MonoMethod.Invoke (System.Object obj, System.Reflection.BindingFlags invokeAttr, System.Reflection.Binder binder, System.Object[] parameters, System.Globalization.CultureInfo culture) (at <599589bf4ce248909b8a14cbe4a2034e>:0)
Rethrow as TargetInvocationException: Exception has been thrown by the target of an invocation.
System.Reflection.MonoMethod.Invoke (System.Object obj, System.Reflection.BindingFlags invokeAttr, System.Reflection.Binder binder, System.Object[] parameters, System.Globalization.CultureInfo culture) (at <599589bf4ce248909b8a14cbe4a2034e>:0)
System.Reflection.MethodBase.Invoke (System.Object obj, System.Object[] parameters) (at <599589bf4ce248909b8a14cbe4a2034e>:0)
UnityEditor.HostView.Invoke (System.String methodName, System.Object obj) (at C:/buildslave/unity/build/Editor/Mono/HostView.cs:359)
UnityEditor.HostView.Invoke (System.String methodName) (at C:/buildslave/unity/build/Editor/Mono/HostView.cs:353)
UnityEditor.HostView.InvokeOnGUI (UnityEngine.Rect onGUIPosition, UnityEngine.Rect viewRect) (at C:/buildslave/unity/build/Editor/Mono/HostView.cs:329)
UnityEditor.DockArea.DrawView (UnityEngine.Rect viewRect, UnityEngine.Rect dockAreaRect, System.Boolean floatingWindow, System.Boolean isBottomTab) (at C:/buildslave/unity/build/Editor/Mono/GUI/DockArea.cs:374)
UnityEditor.DockArea.OldOnGUI () (at C:/buildslave/unity/build/Editor/Mono/GUI/DockArea.cs:341)
UnityEngine.UIElements.IMGUIContainer.DoOnGUI (UnityEngine.Event evt, UnityEngine.Matrix4x4 parentTransform, UnityEngine.Rect clippingRect, System.Boolean isComputingLayout, UnityEngine.Rect layoutSize) (at C:/buildslave/unity/build/Modules/UIElements/IMGUIContainer.cs:281)
UnityEngine.GUIUtility:ProcessEvent(Int32, IntPtr) (at C:/buildslave/unity/build/Modules/IMGUI/GUIUtility.cs:179)

2020-01-14 18:41:22.1901 [ERROR] NullReferenceException: Object reference not set to an instance of an object
UnityEditor.IMGUI.Controls.TreeViewController.IsItemDragSelectedOrSelected (UnityEditor.IMGUI.Controls.TreeViewItem item) (at C:/buildslave/unity/build/Editor/Mono/GUI/TreeView/TreeViewController.cs:468)
UnityEditor.IMGUI.Controls.TreeViewController.DoItemGUI (UnityEditor.IMGUI.Controls.TreeViewItem item, System.Int32 row, System.Single rowWidth, System.Boolean hasFocus) (at C:/buildslave/unity/build/Editor/Mono/GUI/TreeView/TreeViewController.cs:482)
UnityEditor.IMGUI.Controls.TreeViewController.IterateVisibleItems (System.Int32 firstRow, System.Int32 numVisibleRows, System.Single rowWidth, System.Boolean hasFocus) (at C:/buildslave/unity/build/Editor/Mono/GUI/TreeView/TreeViewController.cs:691)
UnityEditor.IMGUI.Controls.TreeViewController.OnGUI (UnityEngine.Rect rect, System.Int32 keyboardControlID) (at C:/buildslave/unity/build/Editor/Mono/GUI/TreeView/TreeViewController.cs:594)
UnityEditor.SceneHierarchy.DoTreeView (System.Single searchPathHeight) (at C:/buildslave/unity/build/Editor/Mono/SceneHierarchy.cs:783)
UnityEditor.SceneHierarchy.OnGUI (UnityEngine.Rect rect) (at C:/buildslave/unity/build/Editor/Mono/SceneHierarchy.cs:581)
UnityEditor.SceneHierarchyWindow.DoSceneHierarchy () (at C:/buildslave/unity/build/Editor/Mono/SceneHierarchyWindow.cs:150)
UnityEditor.SceneHierarchyWindow.OnGUI () (at C:/buildslave/unity/build/Editor/Mono/SceneHierarchyWindow.cs:133)
System.Reflection.MonoMethod.Invoke (System.Object obj, System.Reflection.BindingFlags invokeAttr, System.Reflection.Binder binder, System.Object[] parameters, System.Globalization.CultureInfo culture) (at <599589bf4ce248909b8a14cbe4a2034e>:0)
Rethrow as TargetInvocationException: Exception has been thrown by the target of an invocation.
UnityEngine.UIElements.UIR.RenderChain.Render (UnityEngine.Rect topRect, UnityEngine.Matrix4x4 projection) (at C:/buildslave/unity/build/Modules/UIElements/Renderer/UIRChainBuilder.cs:238)
UnityEngine.UIElements.UIRRepaintUpdater.DrawChain (UnityEngine.Rect topRect, UnityEngine.Matrix4x4 projection) (at C:/buildslave/unity/build/Modules/UIElements/Renderer/UIRRepaintUpdater.cs:66)
UnityEngine.UIElements.UIRRepaintUpdater.Update () (at C:/buildslave/unity/build/Modules/UIElements/Renderer/UIRRepaintUpdater.cs:54)
UnityEngine.UIElements.VisualTreeUpdater.UpdateVisualTree () (at C:/buildslave/unity/build/Modules/UIElements/VisualTreeUpdater.cs:72)
UnityEngine.UIElements.Panel.Repaint (UnityEngine.Event e) (at C:/buildslave/unity/build/Modules/UIElements/Panel.cs:637)
UnityEngine.UIElements.UIElementsUtility.DoDispatch (UnityEngine.UIElements.BaseVisualElementPanel panel) (at C:/buildslave/unity/build/Modules/UIElements/UIElementsUtility.cs:240)
UnityEngine.UIElements.UIElementsUtility.ProcessEvent (System.Int32 instanceID, System.IntPtr nativeEventPtr) (at C:/buildslave/unity/build/Modules/UIElements/UIElementsUtility.cs:78)
UnityEngine.GUIUtility.ProcessEvent (System.Int32 instanceID, System.IntPtr nativeEventPtr) (at C:/buildslave/unity/build/Modules/IMGUI/GUIUtility.cs:179)

2020-01-14 18:41:22.2519 [ERROR] NullReferenceException: Object reference not set to an instance of an object
UnityEditor.IMGUI.Controls.TreeViewController.IsItemDragSelectedOrSelected (UnityEditor.IMGUI.Controls.TreeViewItem item) (at C:/buildslave/unity/build/Editor/Mono/GUI/TreeView/TreeViewController.cs:468)
UnityEditor.IMGUI.Controls.TreeViewController.DoItemGUI (UnityEditor.IMGUI.Controls.TreeViewItem item, System.Int32 row, System.Single rowWidth, System.Boolean hasFocus) (at C:/buildslave/unity/build/Editor/Mono/GUI/TreeView/TreeViewController.cs:482)
UnityEditor.IMGUI.Controls.TreeViewController.IterateVisibleItems (System.Int32 firstRow, System.Int32 numVisibleRows, System.Single rowWidth, System.Boolean hasFocus) (at C:/buildslave/unity/build/Editor/Mono/GUI/TreeView/TreeViewController.cs:691)
UnityEditor.IMGUI.Controls.TreeViewController.OnGUI (UnityEngine.Rect rect, System.Int32 keyboardControlID) (at C:/buildslave/unity/build/Editor/Mono/GUI/TreeView/TreeViewController.cs:594)
UnityEditor.SceneHierarchy.DoTreeView (System.Single searchPathHeight) (at C:/buildslave/unity/build/Editor/Mono/SceneHierarchy.cs:783)
UnityEditor.SceneHierarchy.OnGUI (UnityEngine.Rect rect) (at C:/buildslave/unity/build/Editor/Mono/SceneHierarchy.cs:581)
UnityEditor.SceneHierarchyWindow.DoSceneHierarchy () (at C:/buildslave/unity/build/Editor/Mono/SceneHierarchyWindow.cs:150)
UnityEditor.SceneHierarchyWindow.OnGUI () (at C:/buildslave/unity/build/Editor/Mono/SceneHierarchyWindow.cs:133)
System.Reflection.MonoMethod.Invoke (System.Object obj, System.Reflection.BindingFlags invokeAttr, System.Reflection.Binder binder, System.Object[] parameters, System.Globalization.CultureInfo culture) (at <599589bf4ce248909b8a14cbe4a2034e>:0)
Rethrow as TargetInvocationException: Exception has been thrown by the target of an invocation.
System.Reflection.MonoMethod.Invoke (System.Object obj, System.Reflection.BindingFlags invokeAttr, System.Reflection.Binder binder, System.Object[] parameters, System.Globalization.CultureInfo culture) (at <599589bf4ce248909b8a14cbe4a2034e>:0)
System.Reflection.MethodBase.Invoke (System.Object obj, System.Object[] parameters) (at <599589bf4ce248909b8a14cbe4a2034e>:0)
UnityEditor.HostView.Invoke (System.String methodName, System.Object obj) (at C:/buildslave/unity/build/Editor/Mono/HostView.cs:359)
UnityEditor.HostView.Invoke (System.String methodName) (at C:/buildslave/unity/build/Editor/Mono/HostView.cs:353)
UnityEditor.HostView.InvokeOnGUI (UnityEngine.Rect onGUIPosition, UnityEngine.Rect viewRect) (at C:/buildslave/unity/build/Editor/Mono/HostView.cs:329)
UnityEditor.DockArea.DrawView (UnityEngine.Rect viewRect, UnityEngine.Rect dockAreaRect, System.Boolean floatingWindow, System.Boolean isBottomTab) (at C:/buildslave/unity/build/Editor/Mono/GUI/DockArea.cs:374)
UnityEditor.DockArea.OldOnGUI () (at C:/buildslave/unity/build/Editor/Mono/GUI/DockArea.cs:341)
UnityEngine.UIElements.IMGUIContainer.DoOnGUI (UnityEngine.Event evt, UnityEngine.Matrix4x4 parentTransform, UnityEngine.Rect clippingRect, System.Boolean isComputingLayout, UnityEngine.Rect layoutSize) (at C:/buildslave/unity/build/Modules/UIElements/IMGUIContainer.cs:281)
UnityEngine.GUIUtility:ProcessEvent(Int32, IntPtr) (at C:/buildslave/unity/build/Modules/IMGUI/GUIUtility.cs:179)

2020-01-14 18:41:22.2659 [ERROR] NullReferenceException: Object reference not set to an instance of an object
UnityEditor.IMGUI.Controls.TreeViewController.IsItemDragSelectedOrSelected (UnityEditor.IMGUI.Controls.TreeViewItem item) (at C:/buildslave/unity/build/Editor/Mono/GUI/TreeView/TreeViewController.cs:468)
UnityEditor.IMGUI.Controls.TreeViewController.DoItemGUI (UnityEditor.IMGUI.Controls.TreeViewItem item, System.Int32 row, System.Single rowWidth, System.Boolean hasFocus) (at C:/buildslave/unity/build/Editor/Mono/GUI/TreeView/TreeViewController.cs:482)
UnityEditor.IMGUI.Controls.TreeViewController.IterateVisibleItems (System.Int32 firstRow, System.Int32 numVisibleRows, System.Single rowWidth, System.Boolean hasFocus) (at C:/buildslave/unity/build/Editor/Mono/GUI/TreeView/TreeViewController.cs:691)
UnityEditor.IMGUI.Controls.TreeViewController.OnGUI (UnityEngine.Rect rect, System.Int32 keyboardControlID) (at C:/buildslave/unity/build/Editor/Mono/GUI/TreeView/TreeViewController.cs:594)
UnityEditor.SceneHierarchy.DoTreeView (System.Single searchPathHeight) (at C:/buildslave/unity/build/Editor/Mono/SceneHierarchy.cs:783)
UnityEditor.SceneHierarchy.OnGUI (UnityEngine.Rect rect) (at C:/buildslave/unity/build/Editor/Mono/SceneHierarchy.cs:581)
UnityEditor.SceneHierarchyWindow.DoSceneHierarchy () (at C:/buildslave/unity/build/Editor/Mono/SceneHierarchyWindow.cs:150)
UnityEditor.SceneHierarchyWindow.OnGUI () (at C:/buildslave/unity/build/Editor/Mono/SceneHierarchyWindow.cs:133)
System.Reflection.MonoMethod.Invoke (System.Object obj, System.Reflection.BindingFlags invokeAttr, System.Reflection.Binder binder, System.Object[] parameters, System.Globalization.CultureInfo culture) (at <599589bf4ce248909b8a14cbe4a2034e>:0)
Rethrow as TargetInvocationException: Exception has been thrown by the target of an invocation.
UnityEngine.UIElements.UIR.RenderChain.Render (UnityEngine.Rect topRect, UnityEngine.Matrix4x4 projection) (at C:/buildslave/unity/build/Modules/UIElements/Renderer/UIRChainBuilder.cs:238)
UnityEngine.UIElements.UIRRepaintUpdater.DrawChain (UnityEngine.Rect topRect, UnityEngine.Matrix4x4 projection) (at C:/buildslave/unity/build/Modules/UIElements/Renderer/UIRRepaintUpdater.cs:66)
UnityEngine.UIElements.UIRRepaintUpdater.Update () (at C:/buildslave/unity/build/Modules/UIElements/Renderer/UIRRepaintUpdater.cs:54)
UnityEngine.UIElements.VisualTreeUpdater.UpdateVisualTree () (at C:/buildslave/unity/build/Modules/UIElements/VisualTreeUpdater.cs:72)
UnityEngine.UIElements.Panel.Repaint (UnityEngine.Event e) (at C:/buildslave/unity/build/Modules/UIElements/Panel.cs:637)
UnityEngine.UIElements.UIElementsUtility.DoDispatch (UnityEngine.UIElements.BaseVisualElementPanel panel) (at C:/buildslave/unity/build/Modules/UIElements/UIElementsUtility.cs:240)
UnityEngine.UIElements.UIElementsUtility.ProcessEvent (System.Int32 instanceID, System.IntPtr nativeEventPtr) (at C:/buildslave/unity/build/Modules/UIElements/UIElementsUtility.cs:78)
UnityEngine.GUIUtility.ProcessEvent (System.Int32 instanceID, System.IntPtr nativeEventPtr) (at C:/buildslave/unity/build/Modules/IMGUI/GUIUtility.cs:179)

2020-01-14 18:41:22.3217 [ERROR] NullReferenceException: Object reference not set to an instance of an object
UnityEditor.IMGUI.Controls.TreeViewController.IsItemDragSelectedOrSelected (UnityEditor.IMGUI.Controls.TreeViewItem item) (at C:/buildslave/unity/build/Editor/Mono/GUI/TreeView/TreeViewController.cs:468)
UnityEditor.IMGUI.Controls.TreeViewController.DoItemGUI (UnityEditor.IMGUI.Controls.TreeViewItem item, System.Int32 row, System.Single rowWidth, System.Boolean hasFocus) (at C:/buildslave/unity/build/Editor/Mono/GUI/TreeView/TreeViewController.cs:482)
UnityEditor.IMGUI.Controls.TreeViewController.IterateVisibleItems (System.Int32 firstRow, System.Int32 numVisibleRows, System.Single rowWidth, System.Boolean hasFocus) (at C:/buildslave/unity/build/Editor/Mono/GUI/TreeView/TreeViewController.cs:691)
UnityEditor.IMGUI.Controls.TreeViewController.OnGUI (UnityEngine.Rect rect, System.Int32 keyboardControlID) (at C:/buildslave/unity/build/Editor/Mono/GUI/TreeView/TreeViewController.cs:594)
UnityEditor.SceneHierarchy.DoTreeView (System.Single searchPathHeight) (at C:/buildslave/unity/build/Editor/Mono/SceneHierarchy.cs:783)
UnityEditor.SceneHierarchy.OnGUI (UnityEngine.Rect rect) (at C:/buildslave/unity/build/Editor/Mono/SceneHierarchy.cs:581)
UnityEditor.SceneHierarchyWindow.DoSceneHierarchy () (at C:/buildslave/unity/build/Editor/Mono/SceneHierarchyWindow.cs:150)
UnityEditor.SceneHierarchyWindow.OnGUI () (at C:/buildslave/unity/build/Editor/Mono/SceneHierarchyWindow.cs:133)
System.Reflection.MonoMethod.Invoke (System.Object obj, System.Reflection.BindingFlags invokeAttr, System.Reflection.Binder binder, System.Object[] parameters, System.Globalization.CultureInfo culture) (at <599589bf4ce248909b8a14cbe4a2034e>:0)
Rethrow as TargetInvocationException: Exception has been thrown by the target of an invocation.
System.Reflection.MonoMethod.Invoke (System.Object obj, System.Reflection.BindingFlags invokeAttr, System.Reflection.Binder binder, System.Object[] parameters, System.Globalization.CultureInfo culture) (at <599589bf4ce248909b8a14cbe4a2034e>:0)
System.Reflection.MethodBase.Invoke (System.Object obj, System.Object[] parameters) (at <599589bf4ce248909b8a14cbe4a2034e>:0)
UnityEditor.HostView.Invoke (System.String methodName, System.Object obj) (at C:/buildslave/unity/build/Editor/Mono/HostView.cs:359)
UnityEditor.HostView.Invoke (System.String methodName) (at C:/buildslave/unity/build/Editor/Mono/HostView.cs:353)
UnityEditor.HostView.InvokeOnGUI (UnityEngine.Rect onGUIPosition, UnityEngine.Rect viewRect) (at C:/buildslave/unity/build/Editor/Mono/HostView.cs:329)
UnityEditor.DockArea.DrawView (UnityEngine.Rect viewRect, UnityEngine.Rect dockAreaRect, System.Boolean floatingWindow, System.Boolean isBottomTab) (at C:/buildslave/unity/build/Editor/Mono/GUI/DockArea.cs:374)
UnityEditor.DockArea.OldOnGUI () (at C:/buildslave/unity/build/Editor/Mono/GUI/DockArea.cs:341)
UnityEngine.UIElements.IMGUIContainer.DoOnGUI (UnityEngine.Event evt, UnityEngine.Matrix4x4 parentTransform, UnityEngine.Rect clippingRect, System.Boolean isComputingLayout, UnityEngine.Rect layoutSize) (at C:/buildslave/unity/build/Modules/UIElements/IMGUIContainer.cs:281)
UnityEngine.GUIUtility:ProcessEvent(Int32, IntPtr) (at C:/buildslave/unity/build/Modules/IMGUI/GUIUtility.cs:179)

2020-01-14 18:41:22.3367 [ERROR] NullReferenceException: Object reference not set to an instance of an object
UnityEditor.IMGUI.Controls.TreeViewController.IsItemDragSelectedOrSelected (UnityEditor.IMGUI.Controls.TreeViewItem item) (at C:/buildslave/unity/build/Editor/Mono/GUI/TreeView/TreeViewController.cs:468)
UnityEditor.IMGUI.Controls.TreeViewController.DoItemGUI (UnityEditor.IMGUI.Controls.TreeViewItem item, System.Int32 row, System.Single rowWidth, System.Boolean hasFocus) (at C:/buildslave/unity/build/Editor/Mono/GUI/TreeView/TreeViewController.cs:482)
UnityEditor.IMGUI.Controls.TreeViewController.IterateVisibleItems (System.Int32 firstRow, System.Int32 numVisibleRows, System.Single rowWidth, System.Boolean hasFocus) (at C:/buildslave/unity/build/Editor/Mono/GUI/TreeView/TreeViewController.cs:691)
UnityEditor.IMGUI.Controls.TreeViewController.OnGUI (UnityEngine.Rect rect, System.Int32 keyboardControlID) (at C:/buildslave/unity/build/Editor/Mono/GUI/TreeView/TreeViewController.cs:594)
UnityEditor.SceneHierarchy.DoTreeView (System.Single searchPathHeight) (at C:/buildslave/unity/build/Editor/Mono/SceneHierarchy.cs:783)
UnityEditor.SceneHierarchy.OnGUI (UnityEngine.Rect rect) (at C:/buildslave/unity/build/Editor/Mono/SceneHierarchy.cs:581)
UnityEditor.SceneHierarchyWindow.DoSceneHierarchy () (at C:/buildslave/unity/build/Editor/Mono/SceneHierarchyWindow.cs:150)
UnityEditor.SceneHierarchyWindow.OnGUI () (at C:/buildslave/unity/build/Editor/Mono/SceneHierarchyWindow.cs:133)
System.Reflection.MonoMethod.Invoke (System.Object obj, System.Reflection.BindingFlags invokeAttr, System.Reflection.Binder binder, System.Object[] parameters, System.Globalization.CultureInfo culture) (at <599589bf4ce248909b8a14cbe4a2034e>:0)
Rethrow as TargetInvocationException: Exception has been thrown by the target of an invocation.
UnityEngine.UIElements.UIR.RenderChain.Render (UnityEngine.Rect topRect, UnityEngine.Matrix4x4 projection) (at C:/buildslave/unity/build/Modules/UIElements/Renderer/UIRChainBuilder.cs:238)
UnityEngine.UIElements.UIRRepaintUpdater.DrawChain (UnityEngine.Rect topRect, UnityEngine.Matrix4x4 projection) (at C:/buildslave/unity/build/Modules/UIElements/Renderer/UIRRepaintUpdater.cs:66)
UnityEngine.UIElements.UIRRepaintUpdater.Update () (at C:/buildslave/unity/build/Modules/UIElements/Renderer/UIRRepaintUpdater.cs:54)
UnityEngine.UIElements.VisualTreeUpdater.UpdateVisualTree () (at C:/buildslave/unity/build/Modules/UIElements/VisualTreeUpdater.cs:72)
UnityEngine.UIElements.Panel.Repaint (UnityEngine.Event e) (at C:/buildslave/unity/build/Modules/UIElements/Panel.cs:637)
UnityEngine.UIElements.UIElementsUtility.DoDispatch (UnityEngine.UIElements.BaseVisualElementPanel panel) (at C:/buildslave/unity/build/Modules/UIElements/UIElementsUtility.cs:240)
UnityEngine.UIElements.UIElementsUtility.ProcessEvent (System.Int32 instanceID, System.IntPtr nativeEventPtr) (at C:/buildslave/unity/build/Modules/UIElements/UIElementsUtility.cs:78)
UnityEngine.GUIUtility.ProcessEvent (System.Int32 instanceID, System.IntPtr nativeEventPtr) (at C:/buildslave/unity/build/Modules/IMGUI/GUIUtility.cs:179)

2020-01-14 18:41:22.3945 [ERROR] NullReferenceException: Object reference not set to an instance of an object
UnityEditor.IMGUI.Controls.TreeViewController.IsItemDragSelectedOrSelected (UnityEditor.IMGUI.Controls.TreeViewItem item) (at C:/buildslave/unity/build/Editor/Mono/GUI/TreeView/TreeViewController.cs:468)
UnityEditor.IMGUI.Controls.TreeViewController.DoItemGUI (UnityEditor.IMGUI.Controls.TreeViewItem item, System.Int32 row, System.Single rowWidth, System.Boolean hasFocus) (at C:/buildslave/unity/build/Editor/Mono/GUI/TreeView/TreeViewController.cs:482)
UnityEditor.IMGUI.Controls.TreeViewController.IterateVisibleItems (System.Int32 firstRow, System.Int32 numVisibleRows, System.Single rowWidth, System.Boolean hasFocus) (at C:/buildslave/unity/build/Editor/Mono/GUI/TreeView/TreeViewController.cs:691)
UnityEditor.IMGUI.Controls.TreeViewController.OnGUI (UnityEngine.Rect rect, System.Int32 keyboardControlID) (at C:/buildslave/unity/build/Editor/Mono/GUI/TreeView/TreeViewController.cs:594)
UnityEditor.SceneHierarchy.DoTreeView (System.Single searchPathHeight) (at C:/buildslave/unity/build/Editor/Mono/SceneHierarchy.cs:783)
UnityEditor.SceneHierarchy.OnGUI (UnityEngine.Rect rect) (at C:/buildslave/unity/build/Editor/Mono/SceneHierarchy.cs:581)
UnityEditor.SceneHierarchyWindow.DoSceneHierarchy () (at C:/buildslave/unity/build/Editor/Mono/SceneHierarchyWindow.cs:150)
UnityEditor.SceneHierarchyWindow.OnGUI () (at C:/buildslave/unity/build/Editor/Mono/SceneHierarchyWindow.cs:133)
System.Reflection.MonoMethod.Invoke (System.Object obj, System.Reflection.BindingFlags invokeAttr, System.Reflection.Binder binder, System.Object[] parameters, System.Globalization.CultureInfo culture) (at <599589bf4ce248909b8a14cbe4a2034e>:0)
Rethrow as TargetInvocationException: Exception has been thrown by the target of an invocation.
System.Reflection.MonoMethod.Invoke (System.Object obj, System.Reflection.BindingFlags invokeAttr, System.Reflection.Binder binder, System.Object[] parameters, System.Globalization.CultureInfo culture) (at <599589bf4ce248909b8a14cbe4a2034e>:0)
System.Reflection.MethodBase.Invoke (System.Object obj, System.Object[] parameters) (at <599589bf4ce248909b8a14cbe4a2034e>:0)
UnityEditor.HostView.Invoke (System.String methodName, System.Object obj) (at C:/buildslave/unity/build/Editor/Mono/HostView.cs:359)
UnityEditor.HostView.Invoke (System.String methodName) (at C:/buildslave/unity/build/Editor/Mono/HostView.cs:353)
UnityEditor.HostView.InvokeOnGUI (UnityEngine.Rect onGUIPosition, UnityEngine.Rect viewRect) (at C:/buildslave/unity/build/Editor/Mono/HostView.cs:329)
UnityEditor.DockArea.DrawView (UnityEngine.Rect viewRect, UnityEngine.Rect dockAreaRect, System.Boolean floatingWindow, System.Boolean isBottomTab) (at C:/buildslave/unity/build/Editor/Mono/GUI/DockArea.cs:374)
UnityEditor.DockArea.OldOnGUI () (at C:/buildslave/unity/build/Editor/Mono/GUI/DockArea.cs:341)
UnityEngine.UIElements.IMGUIContainer.DoOnGUI (UnityEngine.Event evt, UnityEngine.Matrix4x4 parentTransform, UnityEngine.Rect clippingRect, System.Boolean isComputingLayout, UnityEngine.Rect layoutSize) (at C:/buildslave/unity/build/Modules/UIElements/IMGUIContainer.cs:281)
UnityEngine.GUIUtility:ProcessEvent(Int32, IntPtr) (at C:/buildslave/unity/build/Modules/IMGUI/GUIUtility.cs:179)

2020-01-14 18:41:22.4105 [ERROR] NullReferenceException: Object reference not set to an instance of an object
UnityEditor.IMGUI.Controls.TreeViewController.IsItemDragSelectedOrSelected (UnityEditor.IMGUI.Controls.TreeViewItem item) (at C:/buildslave/unity/build/Editor/Mono/GUI/TreeView/TreeViewController.cs:468)
UnityEditor.IMGUI.Controls.TreeViewController.DoItemGUI (UnityEditor.IMGUI.Controls.TreeViewItem item, System.Int32 row, System.Single rowWidth, System.Boolean hasFocus) (at C:/buildslave/unity/build/Editor/Mono/GUI/TreeView/TreeViewController.cs:482)
UnityEditor.IMGUI.Controls.TreeViewController.IterateVisibleItems (System.Int32 firstRow, System.Int32 numVisibleRows, System.Single rowWidth, System.Boolean hasFocus) (at C:/buildslave/unity/build/Editor/Mono/GUI/TreeView/TreeViewController.cs:691)
UnityEditor.IMGUI.Controls.TreeViewController.OnGUI (UnityEngine.Rect rect, System.Int32 keyboardControlID) (at C:/buildslave/unity/build/Editor/Mono/GUI/TreeView/TreeViewController.cs:594)
UnityEditor.SceneHierarchy.DoTreeView (System.Single searchPathHeight) (at C:/buildslave/unity/build/Editor/Mono/SceneHierarchy.cs:783)
UnityEditor.SceneHierarchy.OnGUI (UnityEngine.Rect rect) (at C:/buildslave/unity/build/Editor/Mono/SceneHierarchy.cs:581)
UnityEditor.SceneHierarchyWindow.DoSceneHierarchy () (at C:/buildslave/unity/build/Editor/Mono/SceneHierarchyWindow.cs:150)
UnityEditor.SceneHierarchyWindow.OnGUI () (at C:/buildslave/unity/build/Editor/Mono/SceneHierarchyWindow.cs:133)
System.Reflection.MonoMethod.Invoke (System.Object obj, System.Reflection.BindingFlags invokeAttr, System.Reflection.Binder binder, System.Object[] parameters, System.Globalization.CultureInfo culture) (at <599589bf4ce248909b8a14cbe4a2034e>:0)
Rethrow as TargetInvocationException: Exception has been thrown by the target of an invocation.
UnityEngine.UIElements.UIR.RenderChain.Render (UnityEngine.Rect topRect, UnityEngine.Matrix4x4 projection) (at C:/buildslave/unity/build/Modules/UIElements/Renderer/UIRChainBuilder.cs:238)
UnityEngine.UIElements.UIRRepaintUpdater.DrawChain (UnityEngine.Rect topRect, UnityEngine.Matrix4x4 projection) (at C:/buildslave/unity/build/Modules/UIElements/Renderer/UIRRepaintUpdater.cs:66)
UnityEngine.UIElements.UIRRepaintUpdater.Update () (at C:/buildslave/unity/build/Modules/UIElements/Renderer/UIRRepaintUpdater.cs:54)
UnityEngine.UIElements.VisualTreeUpdater.UpdateVisualTree () (at C:/buildslave/unity/build/Modules/UIElements/VisualTreeUpdater.cs:72)
UnityEngine.UIElements.Panel.Repaint (UnityEngine.Event e) (at C:/buildslave/unity/build/Modules/UIElements/Panel.cs:637)
UnityEngine.UIElements.UIElementsUtility.DoDispatch (UnityEngine.UIElements.BaseVisualElementPanel panel) (at C:/buildslave/unity/build/Modules/UIElements/UIElementsUtility.cs:240)
UnityEngine.UIElements.UIElementsUtility.ProcessEvent (System.Int32 instanceID, System.IntPtr nativeEventPtr) (at C:/buildslave/unity/build/Modules/UIElements/UIElementsUtility.cs:78)
UnityEngine.GUIUtility.ProcessEvent (System.Int32 instanceID, System.IntPtr nativeEventPtr) (at C:/buildslave/unity/build/Modules/IMGUI/GUIUtility.cs:179)

2020-01-14 18:41:22.4444 [ERROR] NullReferenceException: Object reference not set to an instance of an object
UnityEditor.IMGUI.Controls.TreeViewController.IsItemDragSelectedOrSelected (UnityEditor.IMGUI.Controls.TreeViewItem item) (at C:/buildslave/unity/build/Editor/Mono/GUI/TreeView/TreeViewController.cs:468)
UnityEditor.IMGUI.Controls.TreeViewController.DoItemGUI (UnityEditor.IMGUI.Controls.TreeViewItem item, System.Int32 row, System.Single rowWidth, System.Boolean hasFocus) (at C:/buildslave/unity/build/Editor/Mono/GUI/TreeView/TreeViewController.cs:482)
UnityEditor.IMGUI.Controls.TreeViewController.IterateVisibleItems (System.Int32 firstRow, System.Int32 numVisibleRows, System.Single rowWidth, System.Boolean hasFocus) (at C:/buildslave/unity/build/Editor/Mono/GUI/TreeView/TreeViewController.cs:691)
UnityEditor.IMGUI.Controls.TreeViewController.OnGUI (UnityEngine.Rect rect, System.Int32 keyboardControlID) (at C:/buildslave/unity/build/Editor/Mono/GUI/TreeView/TreeViewController.cs:594)
UnityEditor.SceneHierarchy.DoTreeView (System.Single searchPathHeight) (at C:/buildslave/unity/build/Editor/Mono/SceneHierarchy.cs:783)
UnityEditor.SceneHierarchy.OnGUI (UnityEngine.Rect rect) (at C:/buildslave/unity/build/Editor/Mono/SceneHierarchy.cs:581)
UnityEditor.SceneHierarchyWindow.DoSceneHierarchy () (at C:/buildslave/unity/build/Editor/Mono/SceneHierarchyWindow.cs:150)
UnityEditor.SceneHierarchyWindow.OnGUI () (at C:/buildslave/unity/build/Editor/Mono/SceneHierarchyWindow.cs:133)
System.Reflection.MonoMethod.Invoke (System.Object obj, System.Reflection.BindingFlags invokeAttr, System.Reflection.Binder binder, System.Object[] parameters, System.Globalization.CultureInfo culture) (at <599589bf4ce248909b8a14cbe4a2034e>:0)
Rethrow as TargetInvocationException: Exception has been thrown by the target of an invocation.
System.Reflection.MonoMethod.Invoke (System.Object obj, System.Reflection.BindingFlags invokeAttr, System.Reflection.Binder binder, System.Object[] parameters, System.Globalization.CultureInfo culture) (at <599589bf4ce248909b8a14cbe4a2034e>:0)
System.Reflection.MethodBase.Invoke (System.Object obj, System.Object[] parameters) (at <599589bf4ce248909b8a14cbe4a2034e>:0)
UnityEditor.HostView.Invoke (System.String methodName, System.Object obj) (at C:/buildslave/unity/build/Editor/Mono/HostView.cs:359)
UnityEditor.HostView.Invoke (System.String methodName) (at C:/buildslave/unity/build/Editor/Mono/HostView.cs:353)
UnityEditor.HostView.InvokeOnGUI (UnityEngine.Rect onGUIPosition, UnityEngine.Rect viewRect) (at C:/buildslave/unity/build/Editor/Mono/HostView.cs:329)
UnityEditor.DockArea.DrawView (UnityEngine.Rect viewRect, UnityEngine.Rect dockAreaRect, System.Boolean floatingWindow, System.Boolean isBottomTab) (at C:/buildslave/unity/build/Editor/Mono/GUI/DockArea.cs:374)
UnityEditor.DockArea.OldOnGUI () (at C:/buildslave/unity/build/Editor/Mono/GUI/DockArea.cs:341)
UnityEngine.UIElements.IMGUIContainer.DoOnGUI (UnityEngine.Event evt, UnityEngine.Matrix4x4 parentTransform, UnityEngine.Rect clippingRect, System.Boolean isComputingLayout, UnityEngine.Rect layoutSize) (at C:/buildslave/unity/build/Modules/UIElements/IMGUIContainer.cs:281)
UnityEngine.GUIUtility:ProcessEvent(Int32, IntPtr) (at C:/buildslave/unity/build/Modules/IMGUI/GUIUtility.cs:179)

2020-01-14 18:41:22.4614 [ERROR] NullReferenceException: Object reference not set to an instance of an object
UnityEditor.IMGUI.Controls.TreeViewController.IsItemDragSelectedOrSelected (UnityEditor.IMGUI.Controls.TreeViewItem item) (at C:/buildslave/unity/build/Editor/Mono/GUI/TreeView/TreeViewController.cs:468)
UnityEditor.IMGUI.Controls.TreeViewController.DoItemGUI (UnityEditor.IMGUI.Controls.TreeViewItem item, System.Int32 row, System.Single rowWidth, System.Boolean hasFocus) (at C:/buildslave/unity/build/Editor/Mono/GUI/TreeView/TreeViewController.cs:482)
UnityEditor.IMGUI.Controls.TreeViewController.IterateVisibleItems (System.Int32 firstRow, System.Int32 numVisibleRows, System.Single rowWidth, System.Boolean hasFocus) (at C:/buildslave/unity/build/Editor/Mono/GUI/TreeView/TreeViewController.cs:691)
UnityEditor.IMGUI.Controls.TreeViewController.OnGUI (UnityEngine.Rect rect, System.Int32 keyboardControlID) (at C:/buildslave/unity/build/Editor/Mono/GUI/TreeView/TreeViewController.cs:594)
UnityEditor.SceneHierarchy.DoTreeView (System.Single searchPathHeight) (at C:/buildslave/unity/build/Editor/Mono/SceneHierarchy.cs:783)
UnityEditor.SceneHierarchy.OnGUI (UnityEngine.Rect rect) (at C:/buildslave/unity/build/Editor/Mono/SceneHierarchy.cs:581)
UnityEditor.SceneHierarchyWindow.DoSceneHierarchy () (at C:/buildslave/unity/build/Editor/Mono/SceneHierarchyWindow.cs:150)
UnityEditor.SceneHierarchyWindow.OnGUI () (at C:/buildslave/unity/build/Editor/Mono/SceneHierarchyWindow.cs:133)
System.Reflection.MonoMethod.Invoke (System.Object obj, System.Reflection.BindingFlags invokeAttr, System.Reflection.Binder binder, System.Object[] parameters, System.Globalization.CultureInfo culture) (at <599589bf4ce248909b8a14cbe4a2034e>:0)
Rethrow as TargetInvocationException: Exception has been thrown by the target of an invocation.
UnityEngine.UIElements.UIR.RenderChain.Render (UnityEngine.Rect topRect, UnityEngine.Matrix4x4 projection) (at C:/buildslave/unity/build/Modules/UIElements/Renderer/UIRChainBuilder.cs:238)
UnityEngine.UIElements.UIRRepaintUpdater.DrawChain (UnityEngine.Rect topRect, UnityEngine.Matrix4x4 projection) (at C:/buildslave/unity/build/Modules/UIElements/Renderer/UIRRepaintUpdater.cs:66)
UnityEngine.UIElements.UIRRepaintUpdater.Update () (at C:/buildslave/unity/build/Modules/UIElements/Renderer/UIRRepaintUpdater.cs:54)
UnityEngine.UIElements.VisualTreeUpdater.UpdateVisualTree () (at C:/buildslave/unity/build/Modules/UIElements/VisualTreeUpdater.cs:72)
UnityEngine.UIElements.Panel.Repaint (UnityEngine.Event e) (at C:/buildslave/unity/build/Modules/UIElements/Panel.cs:637)
UnityEngine.UIElements.UIElementsUtility.DoDispatch (UnityEngine.UIElements.BaseVisualElementPanel panel) (at C:/buildslave/unity/build/Modules/UIElements/UIElementsUtility.cs:240)
UnityEngine.UIElements.UIElementsUtility.ProcessEvent (System.Int32 instanceID, System.IntPtr nativeEventPtr) (at C:/buildslave/unity/build/Modules/UIElements/UIElementsUtility.cs:78)
UnityEngine.GUIUtility.ProcessEvent (System.Int32 instanceID, System.IntPtr nativeEventPtr) (at C:/buildslave/unity/build/Modules/IMGUI/GUIUtility.cs:179)

2020-01-14 18:41:22.5033 [ERROR] NullReferenceException: Object reference not set to an instance of an object
UnityEditor.IMGUI.Controls.TreeViewController.IsItemDragSelectedOrSelected (UnityEditor.IMGUI.Controls.TreeViewItem item) (at C:/buildslave/unity/build/Editor/Mono/GUI/TreeView/TreeViewController.cs:468)
UnityEditor.IMGUI.Controls.TreeViewController.DoItemGUI (UnityEditor.IMGUI.Controls.TreeViewItem item, System.Int32 row, System.Single rowWidth, System.Boolean hasFocus) (at C:/buildslave/unity/build/Editor/Mono/GUI/TreeView/TreeViewController.cs:482)
UnityEditor.IMGUI.Controls.TreeViewController.IterateVisibleItems (System.Int32 firstRow, System.Int32 numVisibleRows, System.Single rowWidth, System.Boolean hasFocus) (at C:/buildslave/unity/build/Editor/Mono/GUI/TreeView/TreeViewController.cs:691)
UnityEditor.IMGUI.Controls.TreeViewController.OnGUI (UnityEngine.Rect rect, System.Int32 keyboardControlID) (at C:/buildslave/unity/build/Editor/Mono/GUI/TreeView/TreeViewController.cs:594)
UnityEditor.SceneHierarchy.DoTreeView (System.Single searchPathHeight) (at C:/buildslave/unity/build/Editor/Mono/SceneHierarchy.cs:783)
UnityEditor.SceneHierarchy.OnGUI (UnityEngine.Rect rect) (at C:/buildslave/unity/build/Editor/Mono/SceneHierarchy.cs:581)
UnityEditor.SceneHierarchyWindow.DoSceneHierarchy () (at C:/buildslave/unity/build/Editor/Mono/SceneHierarchyWindow.cs:150)
UnityEditor.SceneHierarchyWindow.OnGUI () (at C:/buildslave/unity/build/Editor/Mono/SceneHierarchyWindow.cs:133)
System.Reflection.MonoMethod.Invoke (System.Object obj, System.Reflection.BindingFlags invokeAttr, System.Reflection.Binder binder, System.Object[] parameters, System.Globalization.CultureInfo culture) (at <599589bf4ce248909b8a14cbe4a2034e>:0)
Rethrow as TargetInvocationException: Exception has been thrown by the target of an invocation.
System.Reflection.MonoMethod.Invoke (System.Object obj, System.Reflection.BindingFlags invokeAttr, System.Reflection.Binder binder, System.Object[] parameters, System.Globalization.CultureInfo culture) (at <599589bf4ce248909b8a14cbe4a2034e>:0)
System.Reflection.MethodBase.Invoke (System.Object obj, System.Object[] parameters) (at <599589bf4ce248909b8a14cbe4a2034e>:0)
UnityEditor.HostView.Invoke (System.String methodName, System.Object obj) (at C:/buildslave/unity/build/Editor/Mono/HostView.cs:359)
UnityEditor.HostView.Invoke (System.String methodName) (at C:/buildslave/unity/build/Editor/Mono/HostView.cs:353)
UnityEditor.HostView.InvokeOnGUI (UnityEngine.Rect onGUIPosition, UnityEngine.Rect viewRect) (at C:/buildslave/unity/build/Editor/Mono/HostView.cs:329)
UnityEditor.DockArea.DrawView (UnityEngine.Rect viewRect, UnityEngine.Rect dockAreaRect, System.Boolean floatingWindow, System.Boolean isBottomTab) (at C:/buildslave/unity/build/Editor/Mono/GUI/DockArea.cs:374)
UnityEditor.DockArea.OldOnGUI () (at C:/buildslave/unity/build/Editor/Mono/GUI/DockArea.cs:341)
UnityEngine.UIElements.IMGUIContainer.DoOnGUI (UnityEngine.Event evt, UnityEngine.Matrix4x4 parentTransform, UnityEngine.Rect clippingRect, System.Boolean isComputingLayout, UnityEngine.Rect layoutSize) (at C:/buildslave/unity/build/Modules/UIElements/IMGUIContainer.cs:281)
UnityEngine.GUIUtility:ProcessEvent(Int32, IntPtr) (at C:/buildslave/unity/build/Modules/IMGUI/GUIUtility.cs:179)

2020-01-14 18:41:22.5182 [ERROR] NullReferenceException: Object reference not set to an instance of an object
UnityEditor.IMGUI.Controls.TreeViewController.IsItemDragSelectedOrSelected (UnityEditor.IMGUI.Controls.TreeViewItem item) (at C:/buildslave/unity/build/Editor/Mono/GUI/TreeView/TreeViewController.cs:468)
UnityEditor.IMGUI.Controls.TreeViewController.DoItemGUI (UnityEditor.IMGUI.Controls.TreeViewItem item, System.Int32 row, System.Single rowWidth, System.Boolean hasFocus) (at C:/buildslave/unity/build/Editor/Mono/GUI/TreeView/TreeViewController.cs:482)
UnityEditor.IMGUI.Controls.TreeViewController.IterateVisibleItems (System.Int32 firstRow, System.Int32 numVisibleRows, System.Single rowWidth, System.Boolean hasFocus) (at C:/buildslave/unity/build/Editor/Mono/GUI/TreeView/TreeViewController.cs:691)
UnityEditor.IMGUI.Controls.TreeViewController.OnGUI (UnityEngine.Rect rect, System.Int32 keyboardControlID) (at C:/buildslave/unity/build/Editor/Mono/GUI/TreeView/TreeViewController.cs:594)
UnityEditor.SceneHierarchy.DoTreeView (System.Single searchPathHeight) (at C:/buildslave/unity/build/Editor/Mono/SceneHierarchy.cs:783)
UnityEditor.SceneHierarchy.OnGUI (UnityEngine.Rect rect) (at C:/buildslave/unity/build/Editor/Mono/SceneHierarchy.cs:581)
UnityEditor.SceneHierarchyWindow.DoSceneHierarchy () (at C:/buildslave/unity/build/Editor/Mono/SceneHierarchyWindow.cs:150)
UnityEditor.SceneHierarchyWindow.OnGUI () (at C:/buildslave/unity/build/Editor/Mono/SceneHierarchyWindow.cs:133)
System.Reflection.MonoMethod.Invoke (System.Object obj, System.Reflection.BindingFlags invokeAttr, System.Reflection.Binder binder, System.Object[] parameters, System.Globalization.CultureInfo culture) (at <599589bf4ce248909b8a14cbe4a2034e>:0)
Rethrow as TargetInvocationException: Exception has been thrown by the target of an invocation.
UnityEngine.UIElements.UIR.RenderChain.Render (UnityEngine.Rect topRect, UnityEngine.Matrix4x4 projection) (at C:/buildslave/unity/build/Modules/UIElements/Renderer/UIRChainBuilder.cs:238)
UnityEngine.UIElements.UIRRepaintUpdater.DrawChain (UnityEngine.Rect topRect, UnityEngine.Matrix4x4 projection) (at C:/buildslave/unity/build/Modules/UIElements/Renderer/UIRRepaintUpdater.cs:66)
UnityEngine.UIElements.UIRRepaintUpdater.Update () (at C:/buildslave/unity/build/Modules/UIElements/Renderer/UIRRepaintUpdater.cs:54)
UnityEngine.UIElements.VisualTreeUpdater.UpdateVisualTree () (at C:/buildslave/unity/build/Modules/UIElements/VisualTreeUpdater.cs:72)
UnityEngine.UIElements.Panel.Repaint (UnityEngine.Event e) (at C:/buildslave/unity/build/Modules/UIElements/Panel.cs:637)
UnityEngine.UIElements.UIElementsUtility.DoDispatch (UnityEngine.UIElements.BaseVisualElementPanel panel) (at C:/buildslave/unity/build/Modules/UIElements/UIElementsUtility.cs:240)
UnityEngine.UIElements.UIElementsUtility.ProcessEvent (System.Int32 instanceID, System.IntPtr nativeEventPtr) (at C:/buildslave/unity/build/Modules/UIElements/UIElementsUtility.cs:78)
UnityEngine.GUIUtility.ProcessEvent (System.Int32 instanceID, System.IntPtr nativeEventPtr) (at C:/buildslave/unity/build/Modules/IMGUI/GUIUtility.cs:179)

2020-01-14 18:41:22.5820 [ERROR] NullReferenceException: Object reference not set to an instance of an object
UnityEditor.IMGUI.Controls.TreeViewController.IsItemDragSelectedOrSelected (UnityEditor.IMGUI.Controls.TreeViewItem item) (at C:/buildslave/unity/build/Editor/Mono/GUI/TreeView/TreeViewController.cs:468)
UnityEditor.IMGUI.Controls.TreeViewController.DoItemGUI (UnityEditor.IMGUI.Controls.TreeViewItem item, System.Int32 row, System.Single rowWidth, System.Boolean hasFocus) (at C:/buildslave/unity/build/Editor/Mono/GUI/TreeView/TreeViewController.cs:482)
UnityEditor.IMGUI.Controls.TreeViewController.IterateVisibleItems (System.Int32 firstRow, System.Int32 numVisibleRows, System.Single rowWidth, System.Boolean hasFocus) (at C:/buildslave/unity/build/Editor/Mono/GUI/TreeView/TreeViewController.cs:691)
UnityEditor.IMGUI.Controls.TreeViewController.OnGUI (UnityEngine.Rect rect, System.Int32 keyboardControlID) (at C:/buildslave/unity/build/Editor/Mono/GUI/TreeView/TreeViewController.cs:594)
UnityEditor.SceneHierarchy.DoTreeView (System.Single searchPathHeight) (at C:/buildslave/unity/build/Editor/Mono/SceneHierarchy.cs:783)
UnityEditor.SceneHierarchy.OnGUI (UnityEngine.Rect rect) (at C:/buildslave/unity/build/Editor/Mono/SceneHierarchy.cs:581)
UnityEditor.SceneHierarchyWindow.DoSceneHierarchy () (at C:/buildslave/unity/build/Editor/Mono/SceneHierarchyWindow.cs:150)
UnityEditor.SceneHierarchyWindow.OnGUI () (at C:/buildslave/unity/build/Editor/Mono/SceneHierarchyWindow.cs:133)
System.Reflection.MonoMethod.Invoke (System.Object obj, System.Reflection.BindingFlags invokeAttr, System.Reflection.Binder binder, System.Object[] parameters, System.Globalization.CultureInfo culture) (at <599589bf4ce248909b8a14cbe4a2034e>:0)
Rethrow as TargetInvocationException: Exception has been thrown by the target of an invocation.
System.Reflection.MonoMethod.Invoke (System.Object obj, System.Reflection.BindingFlags invokeAttr, System.Reflection.Binder binder, System.Object[] parameters, System.Globalization.CultureInfo culture) (at <599589bf4ce248909b8a14cbe4a2034e>:0)
System.Reflection.MethodBase.Invoke (System.Object obj, System.Object[] parameters) (at <599589bf4ce248909b8a14cbe4a2034e>:0)
UnityEditor.HostView.Invoke (System.String methodName, System.Object obj) (at C:/buildslave/unity/build/Editor/Mono/HostView.cs:359)
UnityEditor.HostView.Invoke (System.String methodName) (at C:/buildslave/unity/build/Editor/Mono/HostView.cs:353)
UnityEditor.HostView.InvokeOnGUI (UnityEngine.Rect onGUIPosition, UnityEngine.Rect viewRect) (at C:/buildslave/unity/build/Editor/Mono/HostView.cs:329)
UnityEditor.DockArea.DrawView (UnityEngine.Rect viewRect, UnityEngine.Rect dockAreaRect, System.Boolean floatingWindow, System.Boolean isBottomTab) (at C:/buildslave/unity/build/Editor/Mono/GUI/DockArea.cs:374)
UnityEditor.DockArea.OldOnGUI () (at C:/buildslave/unity/build/Editor/Mono/GUI/DockArea.cs:341)
UnityEngine.UIElements.IMGUIContainer.DoOnGUI (UnityEngine.Event evt, UnityEngine.Matrix4x4 parentTransform, UnityEngine.Rect clippingRect, System.Boolean isComputingLayout, UnityEngine.Rect layoutSize) (at C:/buildslave/unity/build/Modules/UIElements/IMGUIContainer.cs:281)
UnityEngine.GUIUtility:ProcessEvent(Int32, IntPtr) (at C:/buildslave/unity/build/Modules/IMGUI/GUIUtility.cs:179)

2020-01-14 18:41:22.5990 [ERROR] NullReferenceException: Object reference not set to an instance of an object
UnityEditor.IMGUI.Controls.TreeViewController.IsItemDragSelectedOrSelected (UnityEditor.IMGUI.Controls.TreeViewItem item) (at C:/buildslave/unity/build/Editor/Mono/GUI/TreeView/TreeViewController.cs:468)
UnityEditor.IMGUI.Controls.TreeViewController.DoItemGUI (UnityEditor.IMGUI.Controls.TreeViewItem item, System.Int32 row, System.Single rowWidth, System.Boolean hasFocus) (at C:/buildslave/unity/build/Editor/Mono/GUI/TreeView/TreeViewController.cs:482)
UnityEditor.IMGUI.Controls.TreeViewController.IterateVisibleItems (System.Int32 firstRow, System.Int32 numVisibleRows, System.Single rowWidth, System.Boolean hasFocus) (at C:/buildslave/unity/build/Editor/Mono/GUI/TreeView/TreeViewController.cs:691)
UnityEditor.IMGUI.Controls.TreeViewController.OnGUI (UnityEngine.Rect rect, System.Int32 keyboardControlID) (at C:/buildslave/unity/build/Editor/Mono/GUI/TreeView/TreeViewController.cs:594)
UnityEditor.SceneHierarchy.DoTreeView (System.Single searchPathHeight) (at C:/buildslave/unity/build/Editor/Mono/SceneHierarchy.cs:783)
UnityEditor.SceneHierarchy.OnGUI (UnityEngine.Rect rect) (at C:/buildslave/unity/build/Editor/Mono/SceneHierarchy.cs:581)
UnityEditor.SceneHierarchyWindow.DoSceneHierarchy () (at C:/buildslave/unity/build/Editor/Mono/SceneHierarchyWindow.cs:150)
UnityEditor.SceneHierarchyWindow.OnGUI () (at C:/buildslave/unity/build/Editor/Mono/SceneHierarchyWindow.cs:133)
System.Reflection.MonoMethod.Invoke (System.Object obj, System.Reflection.BindingFlags invokeAttr, System.Reflection.Binder binder, System.Object[] parameters, System.Globalization.CultureInfo culture) (at <599589bf4ce248909b8a14cbe4a2034e>:0)
Rethrow as TargetInvocationException: Exception has been thrown by the target of an invocation.
UnityEngine.UIElements.UIR.RenderChain.Render (UnityEngine.Rect topRect, UnityEngine.Matrix4x4 projection) (at C:/buildslave/unity/build/Modules/UIElements/Renderer/UIRChainBuilder.cs:238)
UnityEngine.UIElements.UIRRepaintUpdater.DrawChain (UnityEngine.Rect topRect, UnityEngine.Matrix4x4 projection) (at C:/buildslave/unity/build/Modules/UIElements/Renderer/UIRRepaintUpdater.cs:66)
UnityEngine.UIElements.UIRRepaintUpdater.Update () (at C:/buildslave/unity/build/Modules/UIElements/Renderer/UIRRepaintUpdater.cs:54)
UnityEngine.UIElements.VisualTreeUpdater.UpdateVisualTree () (at C:/buildslave/unity/build/Modules/UIElements/VisualTreeUpdater.cs:72)
UnityEngine.UIElements.Panel.Repaint (UnityEngine.Event e) (at C:/buildslave/unity/build/Modules/UIElements/Panel.cs:637)
UnityEngine.UIElements.UIElementsUtility.DoDispatch (UnityEngine.UIElements.BaseVisualElementPanel panel) (at C:/buildslave/unity/build/Modules/UIElements/UIElementsUtility.cs:240)
UnityEngine.UIElements.UIElementsUtility.ProcessEvent (System.Int32 instanceID, System.IntPtr nativeEventPtr) (at C:/buildslave/unity/build/Modules/UIElements/UIElementsUtility.cs:78)
UnityEngine.GUIUtility.ProcessEvent (System.Int32 instanceID, System.IntPtr nativeEventPtr) (at C:/buildslave/unity/build/Modules/IMGUI/GUIUtility.cs:179)

2020-01-14 18:41:22.6549 [ERROR] NullReferenceException: Object reference not set to an instance of an object
UnityEditor.IMGUI.Controls.TreeViewController.IsItemDragSelectedOrSelected (UnityEditor.IMGUI.Controls.TreeViewItem item) (at C:/buildslave/unity/build/Editor/Mono/GUI/TreeView/TreeViewController.cs:468)
UnityEditor.IMGUI.Controls.TreeViewController.DoItemGUI (UnityEditor.IMGUI.Controls.TreeViewItem item, System.Int32 row, System.Single rowWidth, System.Boolean hasFocus) (at C:/buildslave/unity/build/Editor/Mono/GUI/TreeView/TreeViewController.cs:482)
UnityEditor.IMGUI.Controls.TreeViewController.IterateVisibleItems (System.Int32 firstRow, System.Int32 numVisibleRows, System.Single rowWidth, System.Boolean hasFocus) (at C:/buildslave/unity/build/Editor/Mono/GUI/TreeView/TreeViewController.cs:691)
UnityEditor.IMGUI.Controls.TreeViewController.OnGUI (UnityEngine.Rect rect, System.Int32 keyboardControlID) (at C:/buildslave/unity/build/Editor/Mono/GUI/TreeView/TreeViewController.cs:594)
UnityEditor.SceneHierarchy.DoTreeView (System.Single searchPathHeight) (at C:/buildslave/unity/build/Editor/Mono/SceneHierarchy.cs:783)
UnityEditor.SceneHierarchy.OnGUI (UnityEngine.Rect rect) (at C:/buildslave/unity/build/Editor/Mono/SceneHierarchy.cs:581)
UnityEditor.SceneHierarchyWindow.DoSceneHierarchy () (at C:/buildslave/unity/build/Editor/Mono/SceneHierarchyWindow.cs:150)
UnityEditor.SceneHierarchyWindow.OnGUI () (at C:/buildslave/unity/build/Editor/Mono/SceneHierarchyWindow.cs:133)
System.Reflection.MonoMethod.Invoke (System.Object obj, System.Reflection.BindingFlags invokeAttr, System.Reflection.Binder binder, System.Object[] parameters, System.Globalization.CultureInfo culture) (at <599589bf4ce248909b8a14cbe4a2034e>:0)
Rethrow as TargetInvocationException: Exception has been thrown by the target of an invocation.
System.Reflection.MonoMethod.Invoke (System.Object obj, System.Reflection.BindingFlags invokeAttr, System.Reflection.Binder binder, System.Object[] parameters, System.Globalization.CultureInfo culture) (at <599589bf4ce248909b8a14cbe4a2034e>:0)
System.Reflection.MethodBase.Invoke (System.Object obj, System.Object[] parameters) (at <599589bf4ce248909b8a14cbe4a2034e>:0)
UnityEditor.HostView.Invoke (System.String methodName, System.Object obj) (at C:/buildslave/unity/build/Editor/Mono/HostView.cs:359)
UnityEditor.HostView.Invoke (System.String methodName) (at C:/buildslave/unity/build/Editor/Mono/HostView.cs:353)
UnityEditor.HostView.InvokeOnGUI (UnityEngine.Rect onGUIPosition, UnityEngine.Rect viewRect) (at C:/buildslave/unity/build/Editor/Mono/HostView.cs:329)
UnityEditor.DockArea.DrawView (UnityEngine.Rect viewRect, UnityEngine.Rect dockAreaRect, System.Boolean floatingWindow, System.Boolean isBottomTab) (at C:/buildslave/unity/build/Editor/Mono/GUI/DockArea.cs:374)
UnityEditor.DockArea.OldOnGUI () (at C:/buildslave/unity/build/Editor/Mono/GUI/DockArea.cs:341)
UnityEngine.UIElements.IMGUIContainer.DoOnGUI (UnityEngine.Event evt, UnityEngine.Matrix4x4 parentTransform, UnityEngine.Rect clippingRect, System.Boolean isComputingLayout, UnityEngine.Rect layoutSize) (at C:/buildslave/unity/build/Modules/UIElements/IMGUIContainer.cs:281)
UnityEngine.GUIUtility:ProcessEvent(Int32, IntPtr) (at C:/buildslave/unity/build/Modules/IMGUI/GUIUtility.cs:179)

2020-01-14 18:41:22.6723 [ERROR] NullReferenceException: Object reference not set to an instance of an object
UnityEditor.IMGUI.Controls.TreeViewController.IsItemDragSelectedOrSelected (UnityEditor.IMGUI.Controls.TreeViewItem item) (at C:/buildslave/unity/build/Editor/Mono/GUI/TreeView/TreeViewController.cs:468)
UnityEditor.IMGUI.Controls.TreeViewController.DoItemGUI (UnityEditor.IMGUI.Controls.TreeViewItem item, System.Int32 row, System.Single rowWidth, System.Boolean hasFocus) (at C:/buildslave/unity/build/Editor/Mono/GUI/TreeView/TreeViewController.cs:482)
UnityEditor.IMGUI.Controls.TreeViewController.IterateVisibleItems (System.Int32 firstRow, System.Int32 numVisibleRows, System.Single rowWidth, System.Boolean hasFocus) (at C:/buildslave/unity/build/Editor/Mono/GUI/TreeView/TreeViewController.cs:691)
UnityEditor.IMGUI.Controls.TreeViewController.OnGUI (UnityEngine.Rect rect, System.Int32 keyboardControlID) (at C:/buildslave/unity/build/Editor/Mono/GUI/TreeView/TreeViewController.cs:594)
UnityEditor.SceneHierarchy.DoTreeView (System.Single searchPathHeight) (at C:/buildslave/unity/build/Editor/Mono/SceneHierarchy.cs:783)
UnityEditor.SceneHierarchy.OnGUI (UnityEngine.Rect rect) (at C:/buildslave/unity/build/Editor/Mono/SceneHierarchy.cs:581)
UnityEditor.SceneHierarchyWindow.DoSceneHierarchy () (at C:/buildslave/unity/build/Editor/Mono/SceneHierarchyWindow.cs:150)
UnityEditor.SceneHierarchyWindow.OnGUI () (at C:/buildslave/unity/build/Editor/Mono/SceneHierarchyWindow.cs:133)
System.Reflection.MonoMethod.Invoke (System.Object obj, System.Reflection.BindingFlags invokeAttr, System.Reflection.Binder binder, System.Object[] parameters, System.Globalization.CultureInfo culture) (at <599589bf4ce248909b8a14cbe4a2034e>:0)
Rethrow as TargetInvocationException: Exception has been thrown by the target of an invocation.
UnityEngine.UIElements.UIR.RenderChain.Render (UnityEngine.Rect topRect, UnityEngine.Matrix4x4 projection) (at C:/buildslave/unity/build/Modules/UIElements/Renderer/UIRChainBuilder.cs:238)
UnityEngine.UIElements.UIRRepaintUpdater.DrawChain (UnityEngine.Rect topRect, UnityEngine.Matrix4x4 projection) (at C:/buildslave/unity/build/Modules/UIElements/Renderer/UIRRepaintUpdater.cs:66)
UnityEngine.UIElements.UIRRepaintUpdater.Update () (at C:/buildslave/unity/build/Modules/UIElements/Renderer/UIRRepaintUpdater.cs:54)
UnityEngine.UIElements.VisualTreeUpdater.UpdateVisualTree () (at C:/buildslave/unity/build/Modules/UIElements/VisualTreeUpdater.cs:72)
UnityEngine.UIElements.Panel.Repaint (UnityEngine.Event e) (at C:/buildslave/unity/build/Modules/UIElements/Panel.cs:637)
UnityEngine.UIElements.UIElementsUtility.DoDispatch (UnityEngine.UIElements.BaseVisualElementPanel panel) (at C:/buildslave/unity/build/Modules/UIElements/UIElementsUtility.cs:240)
UnityEngine.UIElements.UIElementsUtility.ProcessEvent (System.Int32 instanceID, System.IntPtr nativeEventPtr) (at C:/buildslave/unity/build/Modules/UIElements/UIElementsUtility.cs:78)
UnityEngine.GUIUtility.ProcessEvent (System.Int32 instanceID, System.IntPtr nativeEventPtr) (at C:/buildslave/unity/build/Modules/IMGUI/GUIUtility.cs:179)

2020-01-14 18:41:22.7322 [ERROR] NullReferenceException: Object reference not set to an instance of an object
UnityEditor.IMGUI.Controls.TreeViewController.IsItemDragSelectedOrSelected (UnityEditor.IMGUI.Controls.TreeViewItem item) (at C:/buildslave/unity/build/Editor/Mono/GUI/TreeView/TreeViewController.cs:468)
UnityEditor.IMGUI.Controls.TreeViewController.DoItemGUI (UnityEditor.IMGUI.Controls.TreeViewItem item, System.Int32 row, System.Single rowWidth, System.Boolean hasFocus) (at C:/buildslave/unity/build/Editor/Mono/GUI/TreeView/TreeViewController.cs:482)
UnityEditor.IMGUI.Controls.TreeViewController.IterateVisibleItems (System.Int32 firstRow, System.Int32 numVisibleRows, System.Single rowWidth, System.Boolean hasFocus) (at C:/buildslave/unity/build/Editor/Mono/GUI/TreeView/TreeViewController.cs:691)
UnityEditor.IMGUI.Controls.TreeViewController.OnGUI (UnityEngine.Rect rect, System.Int32 keyboardControlID) (at C:/buildslave/unity/build/Editor/Mono/GUI/TreeView/TreeViewController.cs:594)
UnityEditor.SceneHierarchy.DoTreeView (System.Single searchPathHeight) (at C:/buildslave/unity/build/Editor/Mono/SceneHierarchy.cs:783)
UnityEditor.SceneHierarchy.OnGUI (UnityEngine.Rect rect) (at C:/buildslave/unity/build/Editor/Mono/SceneHierarchy.cs:581)
UnityEditor.SceneHierarchyWindow.DoSceneHierarchy () (at C:/buildslave/unity/build/Editor/Mono/SceneHierarchyWindow.cs:150)
UnityEditor.SceneHierarchyWindow.OnGUI () (at C:/buildslave/unity/build/Editor/Mono/SceneHierarchyWindow.cs:133)
System.Reflection.MonoMethod.Invoke (System.Object obj, System.Reflection.BindingFlags invokeAttr, System.Reflection.Binder binder, System.Object[] parameters, System.Globalization.CultureInfo culture) (at <599589bf4ce248909b8a14cbe4a2034e>:0)
Rethrow as TargetInvocationException: Exception has been thrown by the target of an invocation.
System.Reflection.MonoMethod.Invoke (System.Object obj, System.Reflection.BindingFlags invokeAttr, System.Reflection.Binder binder, System.Object[] parameters, System.Globalization.CultureInfo culture) (at <599589bf4ce248909b8a14cbe4a2034e>:0)
System.Reflection.MethodBase.Invoke (System.Object obj, System.Object[] parameters) (at <599589bf4ce248909b8a14cbe4a2034e>:0)
UnityEditor.HostView.Invoke (System.String methodName, System.Object obj) (at C:/buildslave/unity/build/Editor/Mono/HostView.cs:359)
UnityEditor.HostView.Invoke (System.String methodName) (at C:/buildslave/unity/build/Editor/Mono/HostView.cs:353)
UnityEditor.HostView.InvokeOnGUI (UnityEngine.Rect onGUIPosition, UnityEngine.Rect viewRect) (at C:/buildslave/unity/build/Editor/Mono/HostView.cs:329)
UnityEditor.DockArea.DrawView (UnityEngine.Rect viewRect, UnityEngine.Rect dockAreaRect, System.Boolean floatingWindow, System.Boolean isBottomTab) (at C:/buildslave/unity/build/Editor/Mono/GUI/DockArea.cs:374)
UnityEditor.DockArea.OldOnGUI () (at C:/buildslave/unity/build/Editor/Mono/GUI/DockArea.cs:341)
UnityEngine.UIElements.IMGUIContainer.DoOnGUI (UnityEngine.Event evt, UnityEngine.Matrix4x4 parentTransform, UnityEngine.Rect clippingRect, System.Boolean isComputingLayout, UnityEngine.Rect layoutSize) (at C:/buildslave/unity/build/Modules/UIElements/IMGUIContainer.cs:281)
UnityEngine.GUIUtility:ProcessEvent(Int32, IntPtr) (at C:/buildslave/unity/build/Modules/IMGUI/GUIUtility.cs:179)

2020-01-14 18:41:22.7471 [ERROR] NullReferenceException: Object reference not set to an instance of an object
UnityEditor.IMGUI.Controls.TreeViewController.IsItemDragSelectedOrSelected (UnityEditor.IMGUI.Controls.TreeViewItem item) (at C:/buildslave/unity/build/Editor/Mono/GUI/TreeView/TreeViewController.cs:468)
UnityEditor.IMGUI.Controls.TreeViewController.DoItemGUI (UnityEditor.IMGUI.Controls.TreeViewItem item, System.Int32 row, System.Single rowWidth, System.Boolean hasFocus) (at C:/buildslave/unity/build/Editor/Mono/GUI/TreeView/TreeViewController.cs:482)
UnityEditor.IMGUI.Controls.TreeViewController.IterateVisibleItems (System.Int32 firstRow, System.Int32 numVisibleRows, System.Single rowWidth, System.Boolean hasFocus) (at C:/buildslave/unity/build/Editor/Mono/GUI/TreeView/TreeViewController.cs:691)
UnityEditor.IMGUI.Controls.TreeViewController.OnGUI (UnityEngine.Rect rect, System.Int32 keyboardControlID) (at C:/buildslave/unity/build/Editor/Mono/GUI/TreeView/TreeViewController.cs:594)
UnityEditor.SceneHierarchy.DoTreeView (System.Single searchPathHeight) (at C:/buildslave/unity/build/Editor/Mono/SceneHierarchy.cs:783)
UnityEditor.SceneHierarchy.OnGUI (UnityEngine.Rect rect) (at C:/buildslave/unity/build/Editor/Mono/SceneHierarchy.cs:581)
UnityEditor.SceneHierarchyWindow.DoSceneHierarchy () (at C:/buildslave/unity/build/Editor/Mono/SceneHierarchyWindow.cs:150)
UnityEditor.SceneHierarchyWindow.OnGUI () (at C:/buildslave/unity/build/Editor/Mono/SceneHierarchyWindow.cs:133)
System.Reflection.MonoMethod.Invoke (System.Object obj, System.Reflection.BindingFlags invokeAttr, System.Reflection.Binder binder, System.Object[] parameters, System.Globalization.CultureInfo culture) (at <599589bf4ce248909b8a14cbe4a2034e>:0)
Rethrow as TargetInvocationException: Exception has been thrown by the target of an invocation.
UnityEngine.UIElements.UIR.RenderChain.Render (UnityEngine.Rect topRect, UnityEngine.Matrix4x4 projection) (at C:/buildslave/unity/build/Modules/UIElements/Renderer/UIRChainBuilder.cs:238)
UnityEngine.UIElements.UIRRepaintUpdater.DrawChain (UnityEngine.Rect topRect, UnityEngine.Matrix4x4 projection) (at C:/buildslave/unity/build/Modules/UIElements/Renderer/UIRRepaintUpdater.cs:66)
UnityEngine.UIElements.UIRRepaintUpdater.Update () (at C:/buildslave/unity/build/Modules/UIElements/Renderer/UIRRepaintUpdater.cs:54)
UnityEngine.UIElements.VisualTreeUpdater.UpdateVisualTree () (at C:/buildslave/unity/build/Modules/UIElements/VisualTreeUpdater.cs:72)
UnityEngine.UIElements.Panel.Repaint (UnityEngine.Event e) (at C:/buildslave/unity/build/Modules/UIElements/Panel.cs:637)
UnityEngine.UIElements.UIElementsUtility.DoDispatch (UnityEngine.UIElements.BaseVisualElementPanel panel) (at C:/buildslave/unity/build/Modules/UIElements/UIElementsUtility.cs:240)
UnityEngine.UIElements.UIElementsUtility.ProcessEvent (System.Int32 instanceID, System.IntPtr nativeEventPtr) (at C:/buildslave/unity/build/Modules/UIElements/UIElementsUtility.cs:78)
UnityEngine.GUIUtility.ProcessEvent (System.Int32 instanceID, System.IntPtr nativeEventPtr) (at C:/buildslave/unity/build/Modules/IMGUI/GUIUtility.cs:179)

2020-01-14 18:41:22.8264 [ERROR] NullReferenceException: Object reference not set to an instance of an object
UnityEditor.IMGUI.Controls.TreeViewController.IsItemDragSelectedOrSelected (UnityEditor.IMGUI.Controls.TreeViewItem item) (at C:/buildslave/unity/build/Editor/Mono/GUI/TreeView/TreeViewController.cs:468)
UnityEditor.IMGUI.Controls.TreeViewController.DoItemGUI (UnityEditor.IMGUI.Controls.TreeViewItem item, System.Int32 row, System.Single rowWidth, System.Boolean hasFocus) (at C:/buildslave/unity/build/Editor/Mono/GUI/TreeView/TreeViewController.cs:482)
UnityEditor.IMGUI.Controls.TreeViewController.IterateVisibleItems (System.Int32 firstRow, System.Int32 numVisibleRows, System.Single rowWidth, System.Boolean hasFocus) (at C:/buildslave/unity/build/Editor/Mono/GUI/TreeView/TreeViewController.cs:691)
UnityEditor.IMGUI.Controls.TreeViewController.OnGUI (UnityEngine.Rect rect, System.Int32 keyboardControlID) (at C:/buildslave/unity/build/Editor/Mono/GUI/TreeView/TreeViewController.cs:594)
UnityEditor.SceneHierarchy.DoTreeView (System.Single searchPathHeight) (at C:/buildslave/unity/build/Editor/Mono/SceneHierarchy.cs:783)
UnityEditor.SceneHierarchy.OnGUI (UnityEngine.Rect rect) (at C:/buildslave/unity/build/Editor/Mono/SceneHierarchy.cs:581)
UnityEditor.SceneHierarchyWindow.DoSceneHierarchy () (at C:/buildslave/unity/build/Editor/Mono/SceneHierarchyWindow.cs:150)
UnityEditor.SceneHierarchyWindow.OnGUI () (at C:/buildslave/unity/build/Editor/Mono/SceneHierarchyWindow.cs:133)
System.Reflection.MonoMethod.Invoke (System.Object obj, System.Reflection.BindingFlags invokeAttr, System.Reflection.Binder binder, System.Object[] parameters, System.Globalization.CultureInfo culture) (at <599589bf4ce248909b8a14cbe4a2034e>:0)
Rethrow as TargetInvocationException: Exception has been thrown by the target of an invocation.
System.Reflection.MonoMethod.Invoke (System.Object obj, System.Reflection.BindingFlags invokeAttr, System.Reflection.Binder binder, System.Object[] parameters, System.Globalization.CultureInfo culture) (at <599589bf4ce248909b8a14cbe4a2034e>:0)
System.Reflection.MethodBase.Invoke (System.Object obj, System.Object[] parameters) (at <599589bf4ce248909b8a14cbe4a2034e>:0)
UnityEditor.HostView.Invoke (System.String methodName, System.Object obj) (at C:/buildslave/unity/build/Editor/Mono/HostView.cs:359)
UnityEditor.HostView.Invoke (System.String methodName) (at C:/buildslave/unity/build/Editor/Mono/HostView.cs:353)
UnityEditor.HostView.InvokeOnGUI (UnityEngine.Rect onGUIPosition, UnityEngine.Rect viewRect) (at C:/buildslave/unity/build/Editor/Mono/HostView.cs:329)
UnityEditor.DockArea.DrawView (UnityEngine.Rect viewRect, UnityEngine.Rect dockAreaRect, System.Boolean floatingWindow, System.Boolean isBottomTab) (at C:/buildslave/unity/build/Editor/Mono/GUI/DockArea.cs:374)
UnityEditor.DockArea.OldOnGUI () (at C:/buildslave/unity/build/Editor/Mono/GUI/DockArea.cs:341)
UnityEngine.UIElements.IMGUIContainer.DoOnGUI (UnityEngine.Event evt, UnityEngine.Matrix4x4 parentTransform, UnityEngine.Rect clippingRect, System.Boolean isComputingLayout, UnityEngine.Rect layoutSize) (at C:/buildslave/unity/build/Modules/UIElements/IMGUIContainer.cs:281)
UnityEngine.GUIUtility:ProcessEvent(Int32, IntPtr) (at C:/buildslave/unity/build/Modules/IMGUI/GUIUtility.cs:179)

2020-01-14 18:41:22.8414 [ERROR] NullReferenceException: Object reference not set to an instance of an object
UnityEditor.IMGUI.Controls.TreeViewController.IsItemDragSelectedOrSelected (UnityEditor.IMGUI.Controls.TreeViewItem item) (at C:/buildslave/unity/build/Editor/Mono/GUI/TreeView/TreeViewController.cs:468)
UnityEditor.IMGUI.Controls.TreeViewController.DoItemGUI (UnityEditor.IMGUI.Controls.TreeViewItem item, System.Int32 row, System.Single rowWidth, System.Boolean hasFocus) (at C:/buildslave/unity/build/Editor/Mono/GUI/TreeView/TreeViewController.cs:482)
UnityEditor.IMGUI.Controls.TreeViewController.IterateVisibleItems (System.Int32 firstRow, System.Int32 numVisibleRows, System.Single rowWidth, System.Boolean hasFocus) (at C:/buildslave/unity/build/Editor/Mono/GUI/TreeView/TreeViewController.cs:691)
UnityEditor.IMGUI.Controls.TreeViewController.OnGUI (UnityEngine.Rect rect, System.Int32 keyboardControlID) (at C:/buildslave/unity/build/Editor/Mono/GUI/TreeView/TreeViewController.cs:594)
UnityEditor.SceneHierarchy.DoTreeView (System.Single searchPathHeight) (at C:/buildslave/unity/build/Editor/Mono/SceneHierarchy.cs:783)
UnityEditor.SceneHierarchy.OnGUI (UnityEngine.Rect rect) (at C:/buildslave/unity/build/Editor/Mono/SceneHierarchy.cs:581)
UnityEditor.SceneHierarchyWindow.DoSceneHierarchy () (at C:/buildslave/unity/build/Editor/Mono/SceneHierarchyWindow.cs:150)
UnityEditor.SceneHierarchyWindow.OnGUI () (at C:/buildslave/unity/build/Editor/Mono/SceneHierarchyWindow.cs:133)
System.Reflection.MonoMethod.Invoke (System.Object obj, System.Reflection.BindingFlags invokeAttr, System.Reflection.Binder binder, System.Object[] parameters, System.Globalization.CultureInfo culture) (at <599589bf4ce248909b8a14cbe4a2034e>:0)
Rethrow as TargetInvocationException: Exception has been thrown by the target of an invocation.
UnityEngine.UIElements.UIR.RenderChain.Render (UnityEngine.Rect topRect, UnityEngine.Matrix4x4 projection) (at C:/buildslave/unity/build/Modules/UIElements/Renderer/UIRChainBuilder.cs:238)
UnityEngine.UIElements.UIRRepaintUpdater.DrawChain (UnityEngine.Rect topRect, UnityEngine.Matrix4x4 projection) (at C:/buildslave/unity/build/Modules/UIElements/Renderer/UIRRepaintUpdater.cs:66)
UnityEngine.UIElements.UIRRepaintUpdater.Update () (at C:/buildslave/unity/build/Modules/UIElements/Renderer/UIRRepaintUpdater.cs:54)
UnityEngine.UIElements.VisualTreeUpdater.UpdateVisualTree () (at C:/buildslave/unity/build/Modules/UIElements/VisualTreeUpdater.cs:72)
UnityEngine.UIElements.Panel.Repaint (UnityEngine.Event e) (at C:/buildslave/unity/build/Modules/UIElements/Panel.cs:637)
UnityEngine.UIElements.UIElementsUtility.DoDispatch (UnityEngine.UIElements.BaseVisualElementPanel panel) (at C:/buildslave/unity/build/Modules/UIElements/UIElementsUtility.cs:240)
UnityEngine.UIElements.UIElementsUtility.ProcessEvent (System.Int32 instanceID, System.IntPtr nativeEventPtr) (at C:/buildslave/unity/build/Modules/UIElements/UIElementsUtility.cs:78)
UnityEngine.GUIUtility.ProcessEvent (System.Int32 instanceID, System.IntPtr nativeEventPtr) (at C:/buildslave/unity/build/Modules/IMGUI/GUIUtility.cs:179)

2020-01-14 18:41:22.8814 [ERROR] NullReferenceException: Object reference not set to an instance of an object
UnityEditor.IMGUI.Controls.TreeViewController.IsItemDragSelectedOrSelected (UnityEditor.IMGUI.Controls.TreeViewItem item) (at C:/buildslave/unity/build/Editor/Mono/GUI/TreeView/TreeViewController.cs:468)
UnityEditor.IMGUI.Controls.TreeViewController.DoItemGUI (UnityEditor.IMGUI.Controls.TreeViewItem item, System.Int32 row, System.Single rowWidth, System.Boolean hasFocus) (at C:/buildslave/unity/build/Editor/Mono/GUI/TreeView/TreeViewController.cs:482)
UnityEditor.IMGUI.Controls.TreeViewController.IterateVisibleItems (System.Int32 firstRow, System.Int32 numVisibleRows, System.Single rowWidth, System.Boolean hasFocus) (at C:/buildslave/unity/build/Editor/Mono/GUI/TreeView/TreeViewController.cs:691)
UnityEditor.IMGUI.Controls.TreeViewController.OnGUI (UnityEngine.Rect rect, System.Int32 keyboardControlID) (at C:/buildslave/unity/build/Editor/Mono/GUI/TreeView/TreeViewController.cs:594)
UnityEditor.SceneHierarchy.DoTreeView (System.Single searchPathHeight) (at C:/buildslave/unity/build/Editor/Mono/SceneHierarchy.cs:783)
UnityEditor.SceneHierarchy.OnGUI (UnityEngine.Rect rect) (at C:/buildslave/unity/build/Editor/Mono/SceneHierarchy.cs:581)
UnityEditor.SceneHierarchyWindow.DoSceneHierarchy () (at C:/buildslave/unity/build/Editor/Mono/SceneHierarchyWindow.cs:150)
UnityEditor.SceneHierarchyWindow.OnGUI () (at C:/buildslave/unity/build/Editor/Mono/SceneHierarchyWindow.cs:133)
System.Reflection.MonoMethod.Invoke (System.Object obj, System.Reflection.BindingFlags invokeAttr, System.Reflection.Binder binder, System.Object[] parameters, System.Globalization.CultureInfo culture) (at <599589bf4ce248909b8a14cbe4a2034e>:0)
Rethrow as TargetInvocationException: Exception has been thrown by the target of an invocation.
System.Reflection.MonoMethod.Invoke (System.Object obj, System.Reflection.BindingFlags invokeAttr, System.Reflection.Binder binder, System.Object[] parameters, System.Globalization.CultureInfo culture) (at <599589bf4ce248909b8a14cbe4a2034e>:0)
System.Reflection.MethodBase.Invoke (System.Object obj, System.Object[] parameters) (at <599589bf4ce248909b8a14cbe4a2034e>:0)
UnityEditor.HostView.Invoke (System.String methodName, System.Object obj) (at C:/buildslave/unity/build/Editor/Mono/HostView.cs:359)
UnityEditor.HostView.Invoke (System.String methodName) (at C:/buildslave/unity/build/Editor/Mono/HostView.cs:353)
UnityEditor.HostView.InvokeOnGUI (UnityEngine.Rect onGUIPosition, UnityEngine.Rect viewRect) (at C:/buildslave/unity/build/Editor/Mono/HostView.cs:329)
UnityEditor.DockArea.DrawView (UnityEngine.Rect viewRect, UnityEngine.Rect dockAreaRect, System.Boolean floatingWindow, System.Boolean isBottomTab) (at C:/buildslave/unity/build/Editor/Mono/GUI/DockArea.cs:374)
UnityEditor.DockArea.OldOnGUI () (at C:/buildslave/unity/build/Editor/Mono/GUI/DockArea.cs:341)
UnityEngine.UIElements.IMGUIContainer.DoOnGUI (UnityEngine.Event evt, UnityEngine.Matrix4x4 parentTransform, UnityEngine.Rect clippingRect, System.Boolean isComputingLayout, UnityEngine.Rect layoutSize) (at C:/buildslave/unity/build/Modules/UIElements/IMGUIContainer.cs:281)
UnityEngine.GUIUtility:ProcessEvent(Int32, IntPtr) (at C:/buildslave/unity/build/Modules/IMGUI/GUIUtility.cs:179)

2020-01-14 18:41:27.3836 [DEBUG] Play mode: False
2020-01-14 18:41:57.0968 [DEBUG] Scene Fusion version 1.8.5-0
2020-01-14 18:42:20.7283 [DEBUG] Scene Fusion version 1.8.5-0
2020-01-14 18:42:20.9872 [DEBUG] Play mode: True, sync in play mode: True
2020-01-14 18:42:47.7355 [DEBUG] Play mode: False
2020-01-14 18:45:28.5489 [DEBUG] Scene Fusion version 1.8.5-0
2020-01-14 18:45:50.4719 [DEBUG] Scene Fusion version 1.8.5-0
2020-01-14 18:45:50.7341 [DEBUG] Play mode: True, sync in play mode: True
2020-01-14 18:45:57.1967 [DEBUG] Play mode: False
2020-01-14 18:46:32.9856 [DEBUG] Scene Fusion version 1.8.5-0
2020-01-14 18:47:57.5503 [DEBUG] Scene Fusion version 1.8.5-0
2020-01-14 18:49:38.4258 [DEBUG] Scene Fusion version 1.8.5-0
2020-01-14 18:50:00.9549 [DEBUG] Scene Fusion version 1.8.5-0
2020-01-14 18:51:49.2204 [DEBUG] Scene Fusion version 1.8.5-0
2020-01-14 18:53:02.9907 [DEBUG] Scene Fusion version 1.8.5-0
2020-01-14 18:53:03.2186 [DEBUG] Play mode: True, sync in play mode: True
2020-01-14 18:53:10.1635 [DEBUG] Play mode: False
2020-01-14 18:54:20.0406 [DEBUG] Scene Fusion version 1.8.5-0
2020-01-14 18:54:41.8116 [DEBUG] Scene Fusion version 1.8.5-0
2020-01-14 18:54:42.0449 [DEBUG] Play mode: True, sync in play mode: True
2020-01-14 18:54:53.2002 [DEBUG] Play mode: False
2020-01-14 18:55:52.5583 [DEBUG] Scene Fusion version 1.8.5-0
2020-01-14 18:56:16.1648 [DEBUG] Scene Fusion version 1.8.5-0
2020-01-14 18:56:16.4000 [DEBUG] Play mode: True, sync in play mode: True
2020-01-14 18:56:25.7091 [DEBUG] Play mode: False
2020-01-14 18:57:34.4703 [DEBUG] Scene Fusion version 1.8.5-0
2020-01-14 18:57:56.5703 [DEBUG] Scene Fusion version 1.8.5-0
2020-01-14 18:57:56.8086 [DEBUG] Play mode: True, sync in play mode: True
2020-01-14 18:58:10.1448 [DEBUG] Play mode: False
2020-01-14 19:00:39.4142 [DEBUG] Scene Fusion version 1.8.5-0
2020-01-14 19:01:34.1837 [DEBUG] Scene Fusion version 1.8.5-0
2020-01-14 19:01:34.4191 [DEBUG] Play mode: True, sync in play mode: True
2020-01-14 19:01:50.3052 [DEBUG] Play mode: False
2020-01-14 19:02:21.5084 [DEBUG] Scene Fusion version 1.8.5-0
2020-01-14 19:02:43.5794 [DEBUG] Scene Fusion version 1.8.5-0
2020-01-14 19:02:43.7987 [DEBUG] Play mode: True, sync in play mode: True
2020-01-14 19:03:02.1355 [DEBUG] Play mode: False
2020-01-14 19:03:35.4644 [DEBUG] Scene Fusion version 1.8.5-0
2020-01-14 19:05:58.3024 [DEBUG] Scene Fusion version 1.8.5-0
2020-01-14 19:07:54.0885 [DEBUG] Scene Fusion version 1.8.5-0
2020-01-14 19:08:29.7931 [DEBUG] Scene Fusion version 1.8.5-0
2020-01-14 19:08:30.0215 [DEBUG] Play mode: True, sync in play mode: True
2020-01-14 19:08:44.1714 [DEBUG] Play mode: False
2020-01-14 19:09:47.0031 [DEBUG] Scene Fusion version 1.8.5-0
2020-01-14 19:10:11.1096 [DEBUG] Scene Fusion version 1.8.5-0
2020-01-14 19:10:11.3530 [DEBUG] Play mode: True, sync in play mode: True
2020-01-14 19:10:21.9294 [DEBUG] Play mode: False
2020-01-14 19:10:53.8238 [DEBUG] Scene Fusion version 1.8.5-0
2020-01-14 19:11:30.8014 [DEBUG] Scene Fusion version 1.8.5-0
2020-01-14 19:11:31.0627 [DEBUG] Play mode: True, sync in play mode: True
2020-01-14 19:11:44.1433 [DEBUG] Play mode: False
2020-01-14 19:12:21.0351 [DEBUG] Scene Fusion version 1.8.5-0
2020-01-14 19:12:21.3556 [DEBUG] Play mode: True, sync in play mode: True
2020-01-14 19:12:30.0998 [DEBUG] Play mode: False
2020-01-14 19:13:17.4252 [DEBUG] Scene Fusion version 1.8.5-0
2020-01-14 19:13:17.7134 [DEBUG] Play mode: True, sync in play mode: True
2020-01-14 19:13:25.7348 [DEBUG] Play mode: False
2020-01-14 19:14:21.4282 [DEBUG] Scene Fusion version 1.8.5-0
2020-01-14 19:14:43.9963 [DEBUG] Scene Fusion version 1.8.5-0
2020-01-14 19:14:44.2426 [DEBUG] Play mode: True, sync in play mode: True
2020-01-14 19:14:53.2680 [DEBUG] Play mode: False
2020-01-14 19:17:59.4813 [DEBUG] Scene Fusion version 1.8.5-0
2020-01-14 19:18:22.4223 [DEBUG] Scene Fusion version 1.8.5-0
2020-01-14 19:18:44.9872 [DEBUG] Scene Fusion version 1.8.5-0
2020-01-14 19:18:45.2525 [DEBUG] Play mode: True, sync in play mode: True
2020-01-14 19:19:14.3809 [DEBUG] Play mode: False
2020-01-14 19:19:55.9847 [DEBUG] Scene Fusion version 1.8.5-0
2020-01-14 19:20:18.0448 [DEBUG] Scene Fusion version 1.8.5-0
2020-01-14 19:20:18.2752 [DEBUG] Play mode: True, sync in play mode: True
2020-01-14 19:20:28.0519 [DEBUG] Play mode: False
2020-01-14 19:20:55.5329 [DEBUG] Scene Fusion version 1.8.5-0
2020-01-14 19:20:55.8306 [DEBUG] Play mode: True, sync in play mode: True
2020-01-14 19:21:03.3892 [DEBUG] Play mode: False
2020-01-14 19:21:19.0088 [DEBUG] Scene Fusion version 1.8.5-0
2020-01-14 19:21:41.9219 [DEBUG] Scene Fusion version 1.8.5-0
2020-01-14 19:22:04.5398 [DEBUG] Scene Fusion version 1.8.5-0
2020-01-14 19:22:28.7263 [DEBUG] Scene Fusion version 1.8.5-0
2020-01-14 19:22:28.9655 [DEBUG] Play mode: True, sync in play mode: True
2020-01-14 19:22:40.1188 [DEBUG] Play mode: False
2020-01-14 19:24:45.1126 [DEBUG] Scene Fusion version 1.8.5-0
2020-01-14 19:25:07.9144 [DEBUG] Scene Fusion version 1.8.5-0
2020-01-14 19:25:29.5714 [DEBUG] Scene Fusion version 1.8.5-0
2020-01-14 19:25:29.7869 [DEBUG] Play mode: True, sync in play mode: True
2020-01-14 19:26:14.6763 [DEBUG] Play mode: False
2020-01-14 19:26:50.7607 [DEBUG] Scene Fusion version 1.8.5-0
2020-01-14 19:27:16.6193 [DEBUG] Scene Fusion version 1.8.5-0
2020-01-14 19:27:16.8974 [DEBUG] Play mode: True, sync in play mode: True
2020-01-14 19:27:49.2596 [DEBUG] Play mode: False
2020-01-14 19:29:50.0366 [DEBUG] Scene Fusion version 1.8.5-0
2020-01-14 19:30:16.3282 [DEBUG] Scene Fusion version 1.8.5-0
2020-01-14 19:30:16.5696 [DEBUG] Play mode: True, sync in play mode: True
2020-01-14 19:30:28.6133 [DEBUG] Play mode: False
2020-01-14 19:30:55.5812 [DEBUG] Scene Fusion version 1.8.5-0
2020-01-14 19:31:34.6677 [DEBUG] Scene Fusion version 1.8.5-0
2020-01-14 19:31:34.9296 [DEBUG] Play mode: True, sync in play mode: True
2020-01-14 19:31:38.4656 [DEBUG] Play mode: False
2020-01-14 19:31:49.8217 [DEBUG] Scene Fusion version 1.8.5-0
2020-01-14 19:31:50.1265 [DEBUG] Play mode: True, sync in play mode: True
2020-01-14 19:32:41.3588 [DEBUG] Play mode: False
2020-01-14 19:33:32.6364 [DEBUG] Scene Fusion version 1.8.5-0
2020-01-14 19:34:10.5122 [DEBUG] Scene Fusion version 1.8.5-0
2020-01-14 19:34:35.7791 [DEBUG] Scene Fusion version 1.8.5-0
2020-01-14 19:34:36.0201 [DEBUG] Play mode: True, sync in play mode: True
2020-01-14 19:34:51.5597 [DEBUG] Play mode: False
2020-01-14 19:35:24.7166 [DEBUG] Scene Fusion version 1.8.5-0
2020-01-14 19:37:56.0996 [DEBUG] Scene Fusion version 1.8.5-0
2020-01-14 19:37:56.3490 [DEBUG] Play mode: True, sync in play mode: True
2020-01-14 19:38:04.4987 [DEBUG] Play mode: False
2020-01-14 19:38:22.8654 [DEBUG] Scene Fusion version 1.8.5-0
2020-01-14 19:39:17.7823 [DEBUG] Scene Fusion version 1.8.5-0
2020-01-14 19:41:46.8167 [DEBUG] Scene Fusion version 1.8.5-0
2020-01-14 19:42:09.6542 [DEBUG] Scene Fusion version 1.8.5-0
2020-01-14 19:42:32.3027 [DEBUG] Scene Fusion version 1.8.5-0
2020-01-14 19:44:29.8225 [DEBUG] Scene Fusion version 1.8.5-0
2020-01-14 19:45:11.5956 [DEBUG] Scene Fusion version 1.8.5-0
2020-01-14 19:46:25.6608 [DEBUG] Scene Fusion version 1.8.5-0
2020-01-14 19:47:25.9179 [DEBUG] Scene Fusion version 1.8.5-0
2020-01-14 19:47:54.7713 [DEBUG] Scene Fusion version 1.8.5-0
2020-01-14 19:48:23.1967 [DEBUG] Scene Fusion version 1.8.5-0
2020-01-14 19:48:48.6586 [DEBUG] Scene Fusion version 1.8.5-0
2020-01-14 19:49:17.6162 [DEBUG] Scene Fusion version 1.8.5-0
2020-01-14 19:49:41.3141 [DEBUG] Scene Fusion version 1.8.5-0
2020-01-14 19:50:45.9549 [DEBUG] Scene Fusion version 1.8.5-0
2020-01-14 19:51:09.1046 [DEBUG] Scene Fusion version 1.8.5-0
2020-01-14 19:51:32.6896 [DEBUG] Scene Fusion version 1.8.5-0
2020-01-14 19:51:55.6945 [DEBUG] Scene Fusion version 1.8.5-0
2020-01-14 19:52:38.0459 [DEBUG] Scene Fusion version 1.8.5-0
2020-01-14 19:53:00.8768 [DEBUG] Scene Fusion version 1.8.5-0
2020-01-14 19:56:25.2507 [DEBUG] Scene Fusion version 1.8.5-0
2020-01-14 19:58:10.3007 [DEBUG] Scene Fusion version 1.8.5-0
2020-01-14 19:58:31.9688 [DEBUG] Scene Fusion version 1.8.5-0
2020-01-14 19:58:32.1772 [DEBUG] Play mode: True, sync in play mode: True
2020-01-14 19:59:21.7691 [DEBUG] Play mode: False
2020-01-14 19:59:32.9976 [DEBUG] Scene Fusion version 1.8.5-0
2020-01-14 19:59:33.2858 [DEBUG] Play mode: True, sync in play mode: True
2020-01-14 19:59:41.9628 [DEBUG] Play mode: False
2020-01-14 20:00:04.9299 [DEBUG] Scene Fusion version 1.8.5-0
2020-01-14 20:01:24.7772 [DEBUG] Scene Fusion version 1.8.5-0
2020-01-14 20:01:25.0022 [DEBUG] Play mode: True, sync in play mode: True
2020-01-14 20:02:06.4291 [DEBUG] Play mode: False
2020-01-14 20:03:30.6115 [DEBUG] Scene Fusion version 1.8.5-0
2020-01-14 20:03:58.4278 [DEBUG] Scene Fusion version 1.8.5-0
2020-01-14 20:03:58.6782 [DEBUG] Play mode: True, sync in play mode: True
2020-01-14 20:05:28.9397 [DEBUG] Play mode: False
2020-01-14 20:05:56.5058 [DEBUG] Scene Fusion version 1.8.5-0
2020-01-14 20:06:30.6274 [DEBUG] Scene Fusion version 1.8.5-0
2020-01-14 20:06:30.8472 [DEBUG] Play mode: True, sync in play mode: True
2020-01-14 20:06:41.2784 [DEBUG] Play mode: False
2020-01-14 20:07:21.3844 [DEBUG] Scene Fusion version 1.8.5-0
2020-01-14 20:07:21.7036 [DEBUG] Play mode: True, sync in play mode: True
2020-01-14 20:07:45.8773 [DEBUG] Play mode: False
2020-01-14 20:08:18.0150 [DEBUG] Scene Fusion version 1.8.5-0
2020-01-14 20:08:41.0226 [DEBUG] Scene Fusion version 1.8.5-0
2020-01-14 20:09:21.2423 [DEBUG] Scene Fusion version 1.8.5-0
2020-01-14 20:09:21.5814 [DEBUG] Play mode: True, sync in play mode: True
2020-01-14 20:10:02.4094 [DEBUG] Play mode: False
2020-01-14 20:10:17.1263 [DEBUG] Scene Fusion version 1.8.5-0
2020-01-14 20:10:17.3986 [DEBUG] Play mode: True, sync in play mode: True
2020-01-14 20:10:38.0886 [DEBUG] Play mode: False
2020-01-14 20:11:16.1721 [DEBUG] Scene Fusion version 1.8.5-0
2020-01-14 20:15:07.9193 [DEBUG] Scene Fusion version 1.8.5-0
2020-01-14 20:15:34.2140 [DEBUG] Scene Fusion version 1.8.5-0
2020-01-14 20:15:57.9870 [DEBUG] Scene Fusion version 1.8.5-0
2020-01-14 20:16:21.0041 [DEBUG] Scene Fusion version 1.8.5-0
2020-01-14 20:16:55.4946 [DEBUG] Scene Fusion version 1.8.5-0
2020-01-14 20:17:17.3792 [DEBUG] Scene Fusion version 1.8.5-0
2020-01-14 20:17:17.5049 [DEBUG] Play mode: True, sync in play mode: True
2020-01-14 20:18:22.3367 [DEBUG] Play mode: False
2020-01-14 20:18:38.5197 [DEBUG] Scene Fusion version 1.8.5-0
2020-01-14 20:19:17.1933 [DEBUG] Scene Fusion version 1.8.5-0
2020-01-14 20:19:17.4404 [DEBUG] Play mode: True, sync in play mode: True
2020-01-14 20:19:34.2324 [DEBUG] Play mode: False
2020-01-14 20:20:46.8666 [DEBUG] Scene Fusion version 1.8.5-0
2020-01-14 20:21:09.7713 [DEBUG] Scene Fusion version 1.8.5-0
2020-01-14 20:21:31.7565 [DEBUG] Scene Fusion version 1.8.5-0
2020-01-14 20:21:31.9959 [DEBUG] Play mode: True, sync in play mode: True
2020-01-14 20:22:04.7701 [DEBUG] Play mode: False
2020-01-14 20:22:57.9233 [DEBUG] Scene Fusion version 1.8.5-0
2020-01-14 20:23:28.7471 [DEBUG] Scene Fusion version 1.8.5-0
2020-01-14 20:23:28.9695 [DEBUG] Play mode: True, sync in play mode: True
2020-01-14 20:24:40.3930 [DEBUG] Play mode: False
2020-01-14 20:25:24.8169 [DEBUG] Scene Fusion version 1.8.5-0
2020-01-14 20:25:50.6433 [DEBUG] Scene Fusion version 1.8.5-0
2020-01-14 20:26:14.7607 [DEBUG] Scene Fusion version 1.8.5-0
2020-01-14 20:26:39.9028 [DEBUG] Scene Fusion version 1.8.5-0
2020-01-14 20:26:40.1522 [DEBUG] Play mode: True, sync in play mode: True
2020-01-14 20:26:57.5287 [DEBUG] Play mode: False
2020-01-14 20:30:38.3925 [DEBUG] Scene Fusion version 1.8.5-0
2020-01-14 20:53:55.8142 [DEBUG] Scene Fusion version 1.8.5-0
2020-01-14 20:54:19.5938 [DEBUG] Scene Fusion version 1.8.5-0
2020-01-14 20:54:50.8129 [DEBUG] Scene Fusion version 1.8.5-0
2020-01-14 20:55:13.9066 [DEBUG] Scene Fusion version 1.8.5-0
2020-01-14 20:55:36.2105 [DEBUG] Scene Fusion version 1.8.5-0
2020-01-14 20:55:36.4469 [DEBUG] Play mode: True, sync in play mode: True
2020-01-14 20:55:56.2500 [DEBUG] Play mode: False
2020-01-14 20:57:03.2631 [DEBUG] Scene Fusion version 1.8.5-0
2020-01-14 20:59:47.6447 [DEBUG] Scene Fusion version 1.8.5-0
2020-01-14 21:02:20.5493 [DEBUG] Scene Fusion version 1.8.5-0
2020-01-14 21:02:46.2994 [DEBUG] Scene Fusion version 1.8.5-0
2020-01-14 21:03:08.4052 [DEBUG] Scene Fusion version 1.8.5-0
2020-01-14 21:03:08.6526 [DEBUG] Play mode: True, sync in play mode: True
2020-01-14 21:03:50.2701 [DEBUG] Play mode: False
2020-01-14 21:04:44.2175 [DEBUG] Scene Fusion version 1.8.5-0
2020-01-14 21:07:14.5622 [DEBUG] Scene Fusion version 1.8.5-0
2020-01-14 21:07:38.7484 [DEBUG] Scene Fusion version 1.8.5-0
2020-01-14 21:07:38.9908 [DEBUG] Play mode: True, sync in play mode: True
2020-01-14 21:08:02.8028 [DEBUG] Play mode: False
2020-01-14 21:08:32.3145 [DEBUG] Scene Fusion version 1.8.5-0
2020-01-14 21:08:32.6137 [DEBUG] Play mode: True, sync in play mode: True
2020-01-14 21:09:34.0594 [DEBUG] Play mode: False
2020-01-14 21:10:09.7128 [DEBUG] Scene Fusion version 1.8.5-0
2020-01-14 21:11:10.3638 [DEBUG] Scene Fusion version 1.8.5-0
2020-01-14 21:11:10.5792 [DEBUG] Play mode: True, sync in play mode: True
2020-01-14 21:11:22.6262 [DEBUG] Play mode: False
2020-01-14 21:11:56.6928 [DEBUG] Scene Fusion version 1.8.5-0
2020-01-14 21:11:56.9700 [DEBUG] Play mode: True, sync in play mode: True
2020-01-14 21:12:23.3361 [DEBUG] Play mode: False
2020-01-14 21:12:54.2267 [DEBUG] Scene Fusion version 1.8.5-0
2020-01-14 21:13:18.2418 [DEBUG] Scene Fusion version 1.8.5-0
2020-01-14 21:13:18.4642 [DEBUG] Play mode: True, sync in play mode: True
2020-01-14 21:13:39.7585 [DEBUG] Play mode: False
2020-01-14 21:14:14.4276 [DEBUG] Scene Fusion version 1.8.5-0
2020-01-14 21:14:59.7059 [DEBUG] Scene Fusion version 1.8.5-0
2020-01-14 21:15:23.9292 [DEBUG] Scene Fusion version 1.8.5-0
2020-01-14 21:15:24.1546 [DEBUG] Play mode: True, sync in play mode: True
2020-01-14 21:15:49.8118 [DEBUG] Play mode: False
2020-01-14 21:17:07.3263 [DEBUG] Scene Fusion version 1.8.5-0
2020-01-14 21:17:29.4024 [DEBUG] Scene Fusion version 1.8.5-0
2020-01-14 21:17:29.6343 [DEBUG] Play mode: True, sync in play mode: True
2020-01-14 21:17:51.8085 [DEBUG] Play mode: False
2020-01-14 21:18:23.2571 [DEBUG] Scene Fusion version 1.8.5-0
2020-01-14 21:18:45.2837 [DEBUG] Scene Fusion version 1.8.5-0
2020-01-14 21:18:45.5088 [DEBUG] Play mode: True, sync in play mode: True
2020-01-14 21:19:29.1547 [DEBUG] Play mode: False
2020-01-14 21:19:40.4642 [DEBUG] Scene Fusion version 1.8.5-0
2020-01-14 21:19:40.7395 [DEBUG] Play mode: True, sync in play mode: True
2020-01-14 21:19:49.9144 [DEBUG] Play mode: False
2020-01-14 21:20:35.9724 [DEBUG] Scene Fusion version 1.8.5-0
2020-01-14 21:20:57.9863 [DEBUG] Scene Fusion version 1.8.5-0
2020-01-14 21:20:58.2177 [DEBUG] Play mode: True, sync in play mode: True
2020-01-14 21:21:41.9450 [ERROR] NullReferenceException: Object reference not set to an instance of an object
DataHolder+<SetAnimLayer>d__177.MoveNext () (at Assets/Scripts/Menagers/DataHolder.cs:83)
UnityEngine.SetupCoroutine.InvokeMoveNext (System.Collections.IEnumerator enumerator, System.IntPtr returnValueAddress) (at C:/buildslave/unity/build/Runtime/Export/Scripting/Coroutines.cs:17)
UnityEngine.MonoBehaviour:StartCoroutine(IEnumerator)
Bow:OnEnable() (at Assets/Scripts/Weapons/Bow.cs:65)

2020-01-14 21:22:02.2205 [DEBUG] Play mode: False
2020-01-14 21:22:22.8252 [DEBUG] Scene Fusion version 1.8.5-0
2020-01-14 21:22:44.6259 [DEBUG] Scene Fusion version 1.8.5-0
2020-01-14 21:22:44.8441 [DEBUG] Play mode: True, sync in play mode: True
2020-01-14 21:22:57.2440 [DEBUG] Play mode: False
2020-01-14 21:23:17.9968 [DEBUG] Scene Fusion version 1.8.5-0
2020-01-14 21:23:41.8766 [DEBUG] Scene Fusion version 1.8.5-0
2020-01-14 21:24:05.1895 [DEBUG] Scene Fusion version 1.8.5-0
2020-01-14 21:24:05.4268 [DEBUG] Play mode: True, sync in play mode: True
2020-01-14 21:24:20.1058 [DEBUG] Play mode: False
2020-01-14 21:24:38.3526 [DEBUG] Scene Fusion version 1.8.5-0
2020-01-14 21:26:49.8930 [DEBUG] Scene Fusion version 1.8.5-0
2020-01-14 21:27:30.9178 [DEBUG] Scene Fusion version 1.8.5-0
2020-01-14 21:27:31.1532 [DEBUG] Play mode: True, sync in play mode: True
2020-01-14 21:27:44.6062 [ERROR] NullReferenceException: Object reference not set to an instance of an object
DataHolder+<SetAnimLayer>d__177.MoveNext () (at Assets/Scripts/Menagers/DataHolder.cs:83)
UnityEngine.SetupCoroutine.InvokeMoveNext (System.Collections.IEnumerator enumerator, System.IntPtr returnValueAddress) (at C:/buildslave/unity/build/Runtime/Export/Scripting/Coroutines.cs:17)
UnityEngine.MonoBehaviour:StartCoroutine(IEnumerator)
Bow:OnEnable() (at Assets/Scripts/Weapons/Bow.cs:65)

2020-01-14 21:27:47.0427 [DEBUG] Play mode: False
2020-01-14 21:28:01.7175 [DEBUG] Scene Fusion version 1.8.5-0
2020-01-14 21:32:16.7784 [DEBUG] Scene Fusion version 1.8.5-0
2020-01-14 21:33:09.9296 [DEBUG] Scene Fusion version 1.8.5-0
2020-01-14 21:33:33.4766 [DEBUG] Scene Fusion version 1.8.5-0
2020-01-14 21:33:57.1804 [DEBUG] Scene Fusion version 1.8.5-0
2020-01-14 21:41:40.6512 [DEBUG] Scene Fusion version 1.8.5-0
2020-01-14 21:42:04.8019 [DEBUG] Scene Fusion version 1.8.5-0
2020-01-14 21:42:45.2498 [DEBUG] Scene Fusion version 1.8.5-0
2020-01-14 21:42:45.4592 [DEBUG] Play mode: True, sync in play mode: True
2020-01-14 21:42:57.0467 [DEBUG] Play mode: False
2020-01-14 21:44:41.2666 [DEBUG] Scene Fusion version 1.8.5-0
2020-01-14 21:45:04.8248 [DEBUG] Scene Fusion version 1.8.5-0
2020-01-14 21:45:28.7684 [DEBUG] Scene Fusion version 1.8.5-0
2020-01-14 21:45:53.2320 [DEBUG] Scene Fusion version 1.8.5-0
2020-01-14 21:48:34.8153 [DEBUG] Scene Fusion version 1.8.5-0
2020-01-14 21:49:20.8345 [DEBUG] Scene Fusion version 1.8.5-0
2020-01-14 21:49:21.0859 [DEBUG] Play mode: True, sync in play mode: True
2020-01-14 21:50:47.6575 [DEBUG] Play mode: False
