2019-07-30 00:11:24.7771 [DEBUG] Scene Fusion version 1.8.2-3
2019-07-30 00:11:24.7991 [INFO] Setting define symbol SCENE_FUSION
2019-07-30 00:11:44.3783 [DEBUG] Scene Fusion version 1.8.2-3
2019-07-30 00:12:21.1214 [DEBUG] Scene Fusion: A new version of Scene Fusion is available.
Current Version: 1.8.2
Latest Version: 1.8.3
2019-07-30 00:13:19.2542 [DEBUG] Scene Fusion version 1.8.2-3
2019-07-30 00:17:59.0879 [DEBUG] Scene Fusion version 1.8.2-3
2019-07-30 00:17:59.2398 [DEBUG] Play mode: True, sync in play mode: False
2019-07-30 00:18:11.9259 [DEBUG] Play mode: False
2019-07-30 00:20:37.1497 [DEBUG] Scene Fusion version 1.8.2-3
2019-07-30 00:20:37.3412 [DEBUG] Play mode: True, sync in play mode: False
2019-07-30 00:20:43.8228 [DEBUG] Play mode: False
2019-07-30 00:21:23.1220 [DEBUG] Scene Fusion version 1.8.2-3
2019-07-30 00:21:23.2945 [DEBUG] Play mode: True, sync in play mode: False
2019-07-30 00:21:48.2171 [DEBUG] Play mode: False
2019-07-30 00:22:09.2638 [DEBUG] Scene Fusion version 1.8.2-3
2019-07-30 00:22:09.4449 [DEBUG] Play mode: True, sync in play mode: False
2019-07-30 00:22:28.5855 [DEBUG] Play mode: False
2019-07-30 00:23:05.1184 [DEBUG] Scene Fusion version 1.8.2-3
2019-07-30 00:23:05.3368 [DEBUG] Play mode: True, sync in play mode: False
2019-07-30 00:23:33.8755 [DEBUG] Play mode: False
2019-07-30 00:29:08.3014 [DEBUG] Scene Fusion version 1.8.2-3
2019-07-30 00:29:08.4849 [DEBUG] Play mode: True, sync in play mode: False
2019-07-30 00:29:15.4920 [DEBUG] Play mode: False
2019-07-30 00:29:34.5146 [DEBUG] Scene Fusion version 1.8.2-3
2019-07-30 00:29:34.7005 [DEBUG] Play mode: True, sync in play mode: False
2019-07-30 00:29:38.3509 [DEBUG] Play mode: False
2019-07-30 00:29:50.2704 [DEBUG] Scene Fusion version 1.8.2-3
2019-07-30 00:29:50.4619 [DEBUG] Play mode: True, sync in play mode: False
2019-07-30 00:29:56.3423 [DEBUG] Play mode: False
2019-07-30 00:30:22.8601 [DEBUG] Scene Fusion version 1.8.2-3
2019-07-30 00:30:23.0468 [DEBUG] Play mode: True, sync in play mode: False
2019-07-30 00:30:34.5964 [DEBUG] Play mode: False
2019-07-30 00:31:13.5360 [DEBUG] Scene Fusion version 1.8.2-3
2019-07-30 00:31:13.7178 [DEBUG] Play mode: True, sync in play mode: False
2019-07-30 00:31:54.3995 [DEBUG] Play mode: False
2019-07-30 00:31:59.7815 [DEBUG] Scene Fusion version 1.8.2-3
2019-07-30 00:31:59.9807 [DEBUG] Play mode: True, sync in play mode: False
2019-07-30 00:32:21.8328 [DEBUG] Play mode: False
2019-07-30 00:32:32.8079 [DEBUG] Scene Fusion version 1.8.2-3
2019-07-30 00:32:33.0034 [DEBUG] Play mode: True, sync in play mode: False
2019-07-30 00:32:38.6773 [DEBUG] Play mode: False
2019-07-30 00:35:21.5978 [DEBUG] Scene Fusion version 1.8.2-3
2019-07-30 00:35:21.7963 [DEBUG] Play mode: True, sync in play mode: False
2019-07-30 00:35:26.3211 [DEBUG] Play mode: False
2019-07-30 00:38:23.1326 [DEBUG] Scene Fusion version 1.8.2-3
2019-07-30 00:38:23.3201 [DEBUG] Play mode: True, sync in play mode: False
2019-07-30 00:38:29.5626 [DEBUG] Play mode: False
2019-07-30 00:41:00.5783 [DEBUG] Scene Fusion version 1.8.2-3
2019-07-30 00:41:00.7784 [DEBUG] Play mode: True, sync in play mode: False
2019-07-30 00:41:06.9744 [DEBUG] Play mode: False
2019-07-30 00:41:59.4725 [DEBUG] Scene Fusion version 1.8.2-3
2019-07-30 00:41:59.6624 [DEBUG] Play mode: True, sync in play mode: False
2019-07-30 00:44:09.0107 [DEBUG] Play mode: False
2019-07-30 00:44:52.0178 [DEBUG] Scene Fusion version 1.8.2-3
2019-07-30 00:44:52.2129 [DEBUG] Play mode: True, sync in play mode: False
2019-07-30 00:45:01.5110 [DEBUG] Play mode: False
2019-07-30 00:45:19.2868 [DEBUG] Scene Fusion version 1.8.2-3
2019-07-30 00:45:19.4744 [DEBUG] Play mode: True, sync in play mode: False
2019-07-30 00:45:24.5981 [DEBUG] Play mode: False
2019-07-30 00:47:11.1766 [DEBUG] Scene Fusion version 1.8.2-3
2019-07-30 00:47:11.3630 [DEBUG] Play mode: True, sync in play mode: False
2019-07-30 00:47:55.0163 [DEBUG] Play mode: False
2019-07-30 00:48:12.2247 [DEBUG] Scene Fusion version 1.8.2-3
2019-07-30 00:48:12.4191 [DEBUG] Play mode: True, sync in play mode: False
2019-07-30 00:48:24.7545 [DEBUG] Play mode: False
2019-07-30 00:56:14.4606 [DEBUG] Scene Fusion version 1.8.2-3
2019-07-30 00:56:14.6880 [DEBUG] Play mode: True, sync in play mode: False
2019-07-30 00:56:21.4790 [DEBUG] Play mode: False
2019-07-30 01:08:35.6836 [ERROR] NullReferenceException: Object reference not set to an instance of an object
UnityEditor.GameObjectInspector.ClearPreviewCache () (at C:/buildslave/unity/build/Editor/Mono/Inspector/GameObjectInspector.cs:211)
UnityEditor.GameObjectInspector.OnDisable () (at C:/buildslave/unity/build/Editor/Mono/Inspector/GameObjectInspector.cs:199)

2019-07-30 01:08:35.6856 [ERROR] NullReferenceException: Object reference not set to an instance of an object
UnityEditor.GameObjectInspector.ClearPreviewCache () (at C:/buildslave/unity/build/Editor/Mono/Inspector/GameObjectInspector.cs:211)
UnityEditor.GameObjectInspector.OnDisable () (at C:/buildslave/unity/build/Editor/Mono/Inspector/GameObjectInspector.cs:199)

2019-07-30 01:08:35.6866 [ERROR] NullReferenceException: Object reference not set to an instance of an object
UnityEditor.GameObjectInspector.ClearPreviewCache () (at C:/buildslave/unity/build/Editor/Mono/Inspector/GameObjectInspector.cs:211)
UnityEditor.GameObjectInspector.OnDisable () (at C:/buildslave/unity/build/Editor/Mono/Inspector/GameObjectInspector.cs:199)

2019-07-30 01:08:35.6896 [ERROR] NullReferenceException: Object reference not set to an instance of an object
UnityEditor.GameObjectInspector.ClearPreviewCache () (at C:/buildslave/unity/build/Editor/Mono/Inspector/GameObjectInspector.cs:211)
UnityEditor.GameObjectInspector.OnDisable () (at C:/buildslave/unity/build/Editor/Mono/Inspector/GameObjectInspector.cs:199)

2019-07-30 01:08:35.6906 [ERROR] NullReferenceException: Object reference not set to an instance of an object
UnityEditor.GameObjectInspector.ClearPreviewCache () (at C:/buildslave/unity/build/Editor/Mono/Inspector/GameObjectInspector.cs:211)
UnityEditor.GameObjectInspector.OnDisable () (at C:/buildslave/unity/build/Editor/Mono/Inspector/GameObjectInspector.cs:199)

2019-07-30 01:08:35.6916 [ERROR] NullReferenceException: Object reference not set to an instance of an object
UnityEditor.GameObjectInspector.ClearPreviewCache () (at C:/buildslave/unity/build/Editor/Mono/Inspector/GameObjectInspector.cs:211)
UnityEditor.GameObjectInspector.OnDisable () (at C:/buildslave/unity/build/Editor/Mono/Inspector/GameObjectInspector.cs:199)

2019-07-30 01:08:35.6995 [ERROR] NullReferenceException: Object reference not set to an instance of an object
UnityEditor.GameObjectInspector.ClearPreviewCache () (at C:/buildslave/unity/build/Editor/Mono/Inspector/GameObjectInspector.cs:211)
UnityEditor.GameObjectInspector.OnDisable () (at C:/buildslave/unity/build/Editor/Mono/Inspector/GameObjectInspector.cs:199)

2019-07-30 01:08:35.7006 [ERROR] NullReferenceException: Object reference not set to an instance of an object
UnityEditor.GameObjectInspector.ClearPreviewCache () (at C:/buildslave/unity/build/Editor/Mono/Inspector/GameObjectInspector.cs:211)
UnityEditor.GameObjectInspector.OnDisable () (at C:/buildslave/unity/build/Editor/Mono/Inspector/GameObjectInspector.cs:199)

2019-07-30 01:08:35.7015 [ERROR] NullReferenceException: Object reference not set to an instance of an object
UnityEditor.GameObjectInspector.ClearPreviewCache () (at C:/buildslave/unity/build/Editor/Mono/Inspector/GameObjectInspector.cs:211)
UnityEditor.GameObjectInspector.OnDisable () (at C:/buildslave/unity/build/Editor/Mono/Inspector/GameObjectInspector.cs:199)

2019-07-30 01:08:35.7075 [ERROR] NullReferenceException: Object reference not set to an instance of an object
UnityEditor.GameObjectInspector.ClearPreviewCache () (at C:/buildslave/unity/build/Editor/Mono/Inspector/GameObjectInspector.cs:211)
UnityEditor.GameObjectInspector.OnDisable () (at C:/buildslave/unity/build/Editor/Mono/Inspector/GameObjectInspector.cs:199)

2019-07-30 01:08:35.7105 [ERROR] NullReferenceException: Object reference not set to an instance of an object
UnityEditor.GameObjectInspector.ClearPreviewCache () (at C:/buildslave/unity/build/Editor/Mono/Inspector/GameObjectInspector.cs:211)
UnityEditor.GameObjectInspector.OnDisable () (at C:/buildslave/unity/build/Editor/Mono/Inspector/GameObjectInspector.cs:199)

2019-07-30 01:08:35.7155 [ERROR] NullReferenceException: Object reference not set to an instance of an object
UnityEditor.GameObjectInspector.ClearPreviewCache () (at C:/buildslave/unity/build/Editor/Mono/Inspector/GameObjectInspector.cs:211)
UnityEditor.GameObjectInspector.OnDisable () (at C:/buildslave/unity/build/Editor/Mono/Inspector/GameObjectInspector.cs:199)

2019-07-30 01:08:40.8484 [DEBUG] Scene Fusion version 1.8.2-3
2019-07-30 01:08:41.0406 [DEBUG] Play mode: True, sync in play mode: False
2019-07-30 01:11:07.5437 [DEBUG] Play mode: False
2019-07-30 01:30:49.3076 [ERROR] NullReferenceException: Object reference not set to an instance of an object
UnityEditor.GameObjectInspector.ClearPreviewCache () (at C:/buildslave/unity/build/Editor/Mono/Inspector/GameObjectInspector.cs:211)
UnityEditor.GameObjectInspector.OnDisable () (at C:/buildslave/unity/build/Editor/Mono/Inspector/GameObjectInspector.cs:199)

2019-07-30 01:30:49.3096 [ERROR] NullReferenceException: Object reference not set to an instance of an object
UnityEditor.GameObjectInspector.ClearPreviewCache () (at C:/buildslave/unity/build/Editor/Mono/Inspector/GameObjectInspector.cs:211)
UnityEditor.GameObjectInspector.OnDisable () (at C:/buildslave/unity/build/Editor/Mono/Inspector/GameObjectInspector.cs:199)

2019-07-30 01:30:49.3106 [ERROR] NullReferenceException: Object reference not set to an instance of an object
UnityEditor.GameObjectInspector.ClearPreviewCache () (at C:/buildslave/unity/build/Editor/Mono/Inspector/GameObjectInspector.cs:211)
UnityEditor.GameObjectInspector.OnDisable () (at C:/buildslave/unity/build/Editor/Mono/Inspector/GameObjectInspector.cs:199)

2019-07-30 01:30:49.3136 [ERROR] NullReferenceException: Object reference not set to an instance of an object
UnityEditor.GameObjectInspector.ClearPreviewCache () (at C:/buildslave/unity/build/Editor/Mono/Inspector/GameObjectInspector.cs:211)
UnityEditor.GameObjectInspector.OnDisable () (at C:/buildslave/unity/build/Editor/Mono/Inspector/GameObjectInspector.cs:199)

2019-07-30 01:30:49.3146 [ERROR] NullReferenceException: Object reference not set to an instance of an object
UnityEditor.GameObjectInspector.ClearPreviewCache () (at C:/buildslave/unity/build/Editor/Mono/Inspector/GameObjectInspector.cs:211)
UnityEditor.GameObjectInspector.OnDisable () (at C:/buildslave/unity/build/Editor/Mono/Inspector/GameObjectInspector.cs:199)

2019-07-30 01:30:49.3156 [ERROR] NullReferenceException: Object reference not set to an instance of an object
UnityEditor.GameObjectInspector.ClearPreviewCache () (at C:/buildslave/unity/build/Editor/Mono/Inspector/GameObjectInspector.cs:211)
UnityEditor.GameObjectInspector.OnDisable () (at C:/buildslave/unity/build/Editor/Mono/Inspector/GameObjectInspector.cs:199)

2019-07-30 01:30:49.3225 [ERROR] NullReferenceException: Object reference not set to an instance of an object
UnityEditor.GameObjectInspector.ClearPreviewCache () (at C:/buildslave/unity/build/Editor/Mono/Inspector/GameObjectInspector.cs:211)
UnityEditor.GameObjectInspector.OnDisable () (at C:/buildslave/unity/build/Editor/Mono/Inspector/GameObjectInspector.cs:199)

2019-07-30 01:30:49.3235 [ERROR] NullReferenceException: Object reference not set to an instance of an object
UnityEditor.GameObjectInspector.ClearPreviewCache () (at C:/buildslave/unity/build/Editor/Mono/Inspector/GameObjectInspector.cs:211)
UnityEditor.GameObjectInspector.OnDisable () (at C:/buildslave/unity/build/Editor/Mono/Inspector/GameObjectInspector.cs:199)

2019-07-30 01:30:49.3245 [ERROR] NullReferenceException: Object reference not set to an instance of an object
UnityEditor.GameObjectInspector.ClearPreviewCache () (at C:/buildslave/unity/build/Editor/Mono/Inspector/GameObjectInspector.cs:211)
UnityEditor.GameObjectInspector.OnDisable () (at C:/buildslave/unity/build/Editor/Mono/Inspector/GameObjectInspector.cs:199)

2019-07-30 01:30:49.3315 [ERROR] NullReferenceException: Object reference not set to an instance of an object
UnityEditor.GameObjectInspector.ClearPreviewCache () (at C:/buildslave/unity/build/Editor/Mono/Inspector/GameObjectInspector.cs:211)
UnityEditor.GameObjectInspector.OnDisable () (at C:/buildslave/unity/build/Editor/Mono/Inspector/GameObjectInspector.cs:199)

2019-07-30 01:30:49.3345 [ERROR] NullReferenceException: Object reference not set to an instance of an object
UnityEditor.GameObjectInspector.ClearPreviewCache () (at C:/buildslave/unity/build/Editor/Mono/Inspector/GameObjectInspector.cs:211)
UnityEditor.GameObjectInspector.OnDisable () (at C:/buildslave/unity/build/Editor/Mono/Inspector/GameObjectInspector.cs:199)

2019-07-30 01:30:49.3375 [ERROR] NullReferenceException: Object reference not set to an instance of an object
UnityEditor.GameObjectInspector.ClearPreviewCache () (at C:/buildslave/unity/build/Editor/Mono/Inspector/GameObjectInspector.cs:211)
UnityEditor.GameObjectInspector.OnDisable () (at C:/buildslave/unity/build/Editor/Mono/Inspector/GameObjectInspector.cs:199)

2019-07-30 01:30:54.3357 [DEBUG] Scene Fusion version 1.8.2-3
2019-07-30 01:30:54.5455 [DEBUG] Play mode: True, sync in play mode: False
2019-07-30 01:31:06.2778 [DEBUG] Play mode: False
2019-07-30 01:31:21.4657 [DEBUG] Scene Fusion version 1.8.2-3
2019-07-30 01:31:21.6397 [DEBUG] Play mode: True, sync in play mode: False
2019-07-30 01:31:44.7417 [DEBUG] Play mode: False
2019-07-30 01:41:10.0417 [DEBUG] Scene Fusion version 1.8.2-3
2019-07-30 01:41:38.4669 [DEBUG] Scene Fusion version 1.8.2-3
2019-07-30 01:41:38.6519 [DEBUG] Play mode: True, sync in play mode: False
2019-07-30 01:41:47.1523 [DEBUG] Play mode: False
2019-07-30 01:46:55.0409 [DEBUG] Scene Fusion: A new version of Scene Fusion is available.
Current Version: 1.8.2
Latest Version: 1.8.3
2019-07-30 01:47:02.6260 [INFO] Launching Session: Level 1
2019-07-30 01:47:03.4949 [DEBUG] Connecting
2019-07-30 01:47:03.5158 [DEBUG] Connecting to room (100878:SceneFusion:SceneFusion) via TCP at roommanager-ec2-35-164-71-216.kinematicsoup.com:21312
2019-07-30 01:48:00.8117 [DEBUG] Sent C:/Kreatywne/Unity/Othreter/Othreter/KSEditorLogs/SessionLogs/session.100878-637000480235529155.log
2019-07-30 01:50:43.3038 [DEBUG] Scene Fusion version 1.8.2-3
2019-07-30 01:50:43.4909 [DEBUG] Play mode: True, sync in play mode: True
2019-07-30 01:51:09.8850 [DEBUG] Play mode: False
2019-07-30 01:56:20.1248 [DEBUG] Scene Fusion version 1.8.2-3
2019-07-30 01:56:20.2905 [DEBUG] Play mode: True, sync in play mode: True
2019-07-30 01:58:12.7518 [DEBUG] Play mode: False
2019-07-30 02:01:42.1136 [DEBUG] Scene Fusion version 1.8.2-3
2019-07-30 02:01:42.3200 [DEBUG] Play mode: True, sync in play mode: True
2019-07-30 02:01:57.0307 [DEBUG] Play mode: False
2019-07-30 02:02:24.0262 [DEBUG] Scene Fusion version 1.8.2-3
2019-07-30 02:02:24.2447 [DEBUG] Play mode: True, sync in play mode: True
2019-07-30 02:02:38.5013 [DEBUG] Play mode: False
2019-07-30 02:03:23.3902 [DEBUG] Scene Fusion version 1.8.2-3
2019-07-30 02:03:23.5765 [DEBUG] Play mode: True, sync in play mode: True
2019-07-30 02:03:32.8305 [DEBUG] Play mode: False
2019-07-30 02:03:58.4437 [DEBUG] Scene Fusion version 1.8.2-3
2019-07-30 02:03:58.6252 [DEBUG] Play mode: True, sync in play mode: True
2019-07-30 02:04:07.8862 [DEBUG] Play mode: False
2019-07-30 02:04:20.9871 [INFO] Launching Session: Level 1
2019-07-30 02:04:21.8313 [DEBUG] Connecting
2019-07-30 02:04:21.8533 [DEBUG] Connecting to room (100880:SceneFusion:SceneFusion) via TCP at roommanager-ec2-35-164-71-216.kinematicsoup.com:21312
