2019-07-30 01:47:03.7424 [DEBUG] Validating model...
2019-07-30 01:47:03.9386 [DEBUG] Model updated
2019-07-30 01:47:03.9386 [DEBUG] Authenticating with server...
2019-07-30 01:47:04.4442 [DEBUG] Connected to room. (100878:SceneFusion:SceneFusion)
2019-07-30 01:47:04.4532 [INFO] Connected to server.
2019-07-30 01:47:04.4542 [DEBUG] OS : Microsoft Windows NT 10.0.18362.0
2019-07-30 01:47:04.4542 [DEBUG] Unity Version : 2019.1.11f1
2019-07-30 01:47:04.4542 [DEBUG] Pro License : False
2019-07-30 01:47:04.4542 [DEBUG] Platform : WindowsEditor
2019-07-30 01:47:04.4552 [DEBUG] Build Target : StandaloneWindows64
2019-07-30 01:47:04.4562 [DEBUG] Scene Fusion version : 1.8.2
2019-07-30 01:47:04.4562 [DEBUG] Scene Fusion client build : 3
2019-07-30 01:47:04.4562 [DEBUG] User : mikemyszor@gmail.com
2019-07-30 01:47:04.4562 [DEBUG] Waiting for server response
2019-07-30 01:47:04.5600 [DEBUG] Tier: Scene Fusion - Free, Permissions: 00001400
2019-07-30 01:47:04.5600 [DEBUG] User Permissions: FFFFFFFF
2019-07-30 01:47:04.7116 [DEBUG] No stand-in for UnityEngine.LocalizationAsset
2019-07-30 01:47:04.7116 [DEBUG] No stand-in for UnityEngine.ProceduralMaterial
2019-07-30 01:47:04.7116 [DEBUG] No stand-in for UnityEngine.ProceduralTexture
2019-07-30 01:47:04.7116 [DEBUG] No stand-in for UnityEngine.TerrainLayer
2019-07-30 01:47:04.7116 [DEBUG] No stand-in for UnityEngine.Experimental.VFX.VisualEffectAsset
2019-07-30 01:47:04.7126 [DEBUG] No stand-in for UnityEngine.Experimental.Rendering.HDPipeline.AxF
2019-07-30 01:47:04.7126 [DEBUG] No stand-in for UnityEngine.Experimental.Rendering.HDPipeline.Fabric
2019-07-30 01:47:04.7126 [DEBUG] No stand-in for UnityEngine.Experimental.Rendering.HDPipeline.Hair
2019-07-30 01:47:04.7126 [DEBUG] No stand-in for UnityEngine.Experimental.Rendering.HDPipeline.Lit
2019-07-30 01:47:04.7126 [DEBUG] No stand-in for UnityEngine.Experimental.Rendering.HDPipeline.RenderPipelineMaterial
2019-07-30 01:47:04.7126 [DEBUG] No stand-in for UnityEngine.Experimental.Rendering.HDPipeline.StackLit
2019-07-30 01:47:04.7126 [DEBUG] No stand-in for UnityEngine.Experimental.Rendering.HDPipeline.Unlit
2019-07-30 01:47:04.7472 [WARNING] Cannot sync 'Skybox/Cubemap' (Material) because it is not in Unity's asset database.
2019-07-30 01:47:17.9530 [DEBUG] Uploading scene 'Level 1'
2019-07-30 01:47:18.1909 [DEBUG] Encoding objects for Scenes/Level 1.unity
2019-07-30 01:47:19.0755 [DEBUG] Compressing scene data
2019-07-30 01:47:20.4051 [DEBUG] Spawn request. (Objects: 1334)
2019-07-30 01:47:20.4091 [DEBUG] Entity RPC. (Id: 1, Size: 27374, Reporting Threshold: 10000)
2019-07-30 01:47:21.4582 [DEBUG] Loading complete
2019-07-30 01:48:00.7106 [DEBUG] Disconnecting from room (100878:SceneFusion:SceneFusion)
2019-07-30 01:48:00.7148 [INFO] Disconnected from server.
2019-07-30 01:48:00.7148 [DEBUG] Disconnect. (Duration: 56)
