
=== Thu Dec 13 21:57:47 2018

Packages were changed.
Update Mode: updateDependencies

The following packages were added:
  com.unity.collab-proxy@1.2.15
The following packages were updated:
  com.unity.ads from version 2.0.8 to 2.3.1
  com.unity.analytics from version 2.0.16 to 3.2.2
  com.unity.package-manager-ui from version 1.9.11 to 2.0.3
  com.unity.textmeshpro from version 1.2.4 to 1.3.0

=== Wed Apr 17 00:38:42 2019

Packages were changed.
Update Mode: updateDependencies

The following packages were added:
  com.unity.timeline@1.0.0
  com.unity.multiplayer-hlapi@1.0.2
  com.unity.xr.legacyinputhelpers@2.0.2
The following packages were updated:
  com.unity.analytics from version 3.2.2 to 3.3.2
  com.unity.package-manager-ui from version 2.0.7 to 2.1.2
  com.unity.render-pipelines.high-definition from version 4.10.0-preview to 5.7.2-preview
  com.unity.shadergraph from version 4.10.0-preview to 5.7.2
  com.unity.textmeshpro from version 1.3.0 to 2.0.0

=== Wed Apr 17 19:11:01 2019

Packages were changed.
Update Mode: resetToDefaultDependencies

The following packages were added:
  com.unity.purchasing@2.0.6
  com.unity.timeline@1.0.0
The following packages were updated:
  com.unity.analytics from version 3.2.2 to 3.3.2
  com.unity.ads from version 2.3.2 to 2.0.8
  com.unity.textmeshpro from version 1.3.0 to 2.0.0
  com.unity.package-manager-ui from version 2.0.7 to 2.1.2
The following packages were removed:
  com.unity.cinemachine@2.2.8
  com.unity.postprocessing@2.1.6
  com.unity.render-pipelines.high-definition@4.10.0-preview
  com.unity.shadergraph@4.10.0-preview
  com.unity.visualeffectgraph@4.10.0-preview

=== Fri Jun  7 13:00:30 2019

Packages were changed.
Update Mode: updateDependencies

The following packages were updated:
  com.unity.textmeshpro from version 2.0.0 to 2.0.1

=== Tue Jul 30 16:23:25 2019

Packages were changed.
Update Mode: updateDependencies

The following packages were added:
  com.unity.2d.tilemap@1.0.0
  com.unity.ext.nunit@1.0.0
  com.unity.test-framework@1.0.13
  com.unity.2d.sprite@1.0.0
  com.unity.ide.vscode@1.0.7
  com.unity.ide.rider@1.0.8
  com.unity.ugui@1.0.0
  com.unity.modules.androidjni@1.0.0
The following packages were updated:
  com.unity.package-manager-ui from version 2.1.2 to 2.2.0
  com.unity.render-pipelines.high-definition from version 5.16.1-preview to 6.9.0-preview
  com.unity.timeline from version 1.0.0 to 1.1.0
  com.unity.visualeffectgraph from version 5.16.1-preview to 6.9.0-preview

=== Sat Aug 24 20:00:34 2019

Packages were changed.
Update Mode: updateDependencies

The following packages were updated:
  com.unity.ide.rider from version 1.0.8 to 1.1.0

=== Wed Oct  9 19:15:10 2019

Packages were changed.
Update Mode: updateDependencies

The following packages were updated:
  com.unity.ide.vscode from version 1.0.7 to 1.1.2

=== Tue Jan 28 17:53:49 2020

Packages were changed.
Update Mode: updateDependencies

The following packages were updated:
  com.unity.analytics from version 3.3.4 to 3.3.5
  com.unity.ide.vscode from version 1.1.3 to 1.1.4
  com.unity.probuilder from version 4.2.1 to 4.2.3
  com.unity.render-pipelines.core from version 6.9.2 to 7.1.8
  com.unity.render-pipelines.high-definition from version 6.9.2-preview to 7.1.8
  com.unity.shadergraph from version 6.9.2 to 7.1.8
  com.unity.test-framework from version 1.0.18 to 1.1.9
  com.unity.timeline from version 1.1.0 to 1.2.10
  com.unity.visualeffectgraph from version 6.9.2-preview to 7.1.8
The following packages were removed:
  com.unity.package-manager-ui@2.2.0
